<?xml version="1.0" encoding="UTF-8"?>
<testng-results skipped="0" failed="0" ignored="0" total="1" passed="1">
  <reporter-output>
  </reporter-output>
  <suite name="Default suite" duration-ms="10491" started-at="2020-02-20T11:01:33 IST" finished-at="2020-02-20T11:01:43 IST">
    <groups>
    </groups>
    <test name="Default test" duration-ms="10491" started-at="2020-02-20T11:01:33 IST" finished-at="2020-02-20T11:01:43 IST">
      <class name="Demo.Keyboard">
        <test-method status="PASS" signature="Key()[pri:0, instance:Demo.Keyboard@4d339552]" name="Key" duration-ms="10400" started-at="2020-02-20T11:01:33 IST" finished-at="2020-02-20T11:01:43 IST">
          <reporter-output>
          </reporter-output>
        </test-method> <!-- Key -->
      </class> <!-- Demo.Keyboard -->
    </test> <!-- Default test -->
  </suite> <!-- Default suite -->
</testng-results>
