<?xml version="1.0" encoding="UTF-8"?>
<testng-results skipped="0" failed="0" ignored="0" total="1" passed="1">
  <reporter-output>
  </reporter-output>
  <suite name="Default suite" duration-ms="56986" started-at="2020-02-20T12:31:04 IST" finished-at="2020-02-20T12:32:01 IST">
    <groups>
    </groups>
    <test name="Default test" duration-ms="56986" started-at="2020-02-20T12:31:04 IST" finished-at="2020-02-20T12:32:01 IST">
      <class name="DemoGradle.Keyboard">
        <test-method status="PASS" signature="Key()[pri:0, instance:DemoGradle.Keyboard@6e0e048a]" name="Key" duration-ms="56785" started-at="2020-02-20T12:31:04 IST" finished-at="2020-02-20T12:32:01 IST">
          <reporter-output>
          </reporter-output>
        </test-method> <!-- Key -->
      </class> <!-- DemoGradle.Keyboard -->
    </test> <!-- Default test -->
  </suite> <!-- Default suite -->
</testng-results>
