<?xml version="1.0" encoding="UTF-8"?>
<testng-results skipped="1" failed="1" ignored="0" total="2" passed="0">
  <reporter-output>
  </reporter-output>
  <suite name="Default suite" duration-ms="61606" started-at="2020-03-12T12:06:30 IST" finished-at="2020-03-12T12:07:31 IST">
    <groups>
    </groups>
    <test name="Default test" duration-ms="61606" started-at="2020-03-12T12:06:30 IST" finished-at="2020-03-12T12:07:31 IST">
      <class name="com.Testcase.Alaska_testcase">
        <test-method status="PASS" signature="startup()[pri:0, instance:com.Testcase.Alaska_testcase@7d0587f1]" name="startup" is-config="true" duration-ms="23120" started-at="2020-03-12T12:06:30 IST" finished-at="2020-03-12T12:06:53 IST">
          <reporter-output>
          </reporter-output>
        </test-method> <!-- startup -->
        <test-method status="FAIL" signature="call()[pri:0, instance:com.Testcase.Alaska_testcase@7d0587f1]" name="call" duration-ms="38283" started-at="2020-03-12T12:06:53 IST" finished-at="2020-03-12T12:07:31 IST">
          <exception class="org.openqa.selenium.StaleElementReferenceException">
            <message>
              <![CDATA[stale element reference: element is not attached to the page document
  (Session info: chrome=80.0.3987.132)
For documentation on this error, please visit: https://www.seleniumhq.org/exceptions/stale_element_reference.html
Build info: version: '3.141.59', revision: 'e82be7d358', time: '2018-11-14T08:25:48'
System info: host: 'BLT1204', ip: '192.168.1.204', os.name: 'Windows 7', os.arch: 'amd64', os.version: '6.1', java.version: '1.8.0_221'
Driver info: org.openqa.selenium.chrome.ChromeDriver
Capabilities {acceptInsecureCerts: false, browserName: chrome, browserVersion: 80.0.3987.132, chrome: {chromedriverVersion: 80.0.3987.106 (f68069574609..., userDataDir: C:\Users\BLTUSE~1.BLT\AppDa...}, goog:chromeOptions: {debuggerAddress: localhost:56017}, javascriptEnabled: true, networkConnectionEnabled: false, pageLoadStrategy: normal, platform: WINDOWS, platformName: WINDOWS, proxy: Proxy(), setWindowRect: true, strictFileInteractability: false, timeouts: {implicit: 0, pageLoad: 300000, script: 30000}, unhandledPromptBehavior: dismiss and notify}
Session ID: 412250c72b3d6acd5927e844d7501f6a]]>
            </message>
            <full-stacktrace>
              <![CDATA[org.openqa.selenium.StaleElementReferenceException: stale element reference: element is not attached to the page document
  (Session info: chrome=80.0.3987.132)
For documentation on this error, please visit: https://www.seleniumhq.org/exceptions/stale_element_reference.html
Build info: version: '3.141.59', revision: 'e82be7d358', time: '2018-11-14T08:25:48'
System info: host: 'BLT1204', ip: '192.168.1.204', os.name: 'Windows 7', os.arch: 'amd64', os.version: '6.1', java.version: '1.8.0_221'
Driver info: org.openqa.selenium.chrome.ChromeDriver
Capabilities {acceptInsecureCerts: false, browserName: chrome, browserVersion: 80.0.3987.132, chrome: {chromedriverVersion: 80.0.3987.106 (f68069574609..., userDataDir: C:\Users\BLTUSE~1.BLT\AppDa...}, goog:chromeOptions: {debuggerAddress: localhost:56017}, javascriptEnabled: true, networkConnectionEnabled: false, pageLoadStrategy: normal, platform: WINDOWS, platformName: WINDOWS, proxy: Proxy(), setWindowRect: true, strictFileInteractability: false, timeouts: {implicit: 0, pageLoad: 300000, script: 30000}, unhandledPromptBehavior: dismiss and notify}
Session ID: 412250c72b3d6acd5927e844d7501f6a
at sun.reflect.NativeConstructorAccessorImpl.newInstance0(Native Method)
at sun.reflect.NativeConstructorAccessorImpl.newInstance(Unknown Source)
at sun.reflect.DelegatingConstructorAccessorImpl.newInstance(Unknown Source)
at java.lang.reflect.Constructor.newInstance(Unknown Source)
at org.openqa.selenium.remote.http.W3CHttpResponseCodec.createException(W3CHttpResponseCodec.java:187)
at org.openqa.selenium.remote.http.W3CHttpResponseCodec.decode(W3CHttpResponseCodec.java:122)
at org.openqa.selenium.remote.http.W3CHttpResponseCodec.decode(W3CHttpResponseCodec.java:49)
at org.openqa.selenium.remote.HttpCommandExecutor.execute(HttpCommandExecutor.java:158)
at org.openqa.selenium.remote.service.DriverCommandExecutor.execute(DriverCommandExecutor.java:83)
at org.openqa.selenium.remote.RemoteWebDriver.execute(RemoteWebDriver.java:552)
at org.openqa.selenium.remote.RemoteWebElement.execute(RemoteWebElement.java:285)
at org.openqa.selenium.remote.RemoteWebElement.click(RemoteWebElement.java:84)
at com.Pages.Alaska_pages.Deck_plan(Alaska_pages.java:55)
at com.Testcase.Alaska_testcase.call(Alaska_testcase.java:24)
at sun.reflect.NativeMethodAccessorImpl.invoke0(Native Method)
at sun.reflect.NativeMethodAccessorImpl.invoke(Unknown Source)
at sun.reflect.DelegatingMethodAccessorImpl.invoke(Unknown Source)
at java.lang.reflect.Method.invoke(Unknown Source)
at org.testng.internal.MethodInvocationHelper.invokeMethod(MethodInvocationHelper.java:133)
at org.testng.internal.TestInvoker.invokeMethod(TestInvoker.java:584)
at org.testng.internal.TestInvoker.invokeTestMethod(TestInvoker.java:172)
at org.testng.internal.MethodRunner.runInSequence(MethodRunner.java:46)
at org.testng.internal.TestInvoker$MethodInvocationAgent.invoke(TestInvoker.java:804)
at org.testng.internal.TestInvoker.invokeTestMethods(TestInvoker.java:145)
at org.testng.internal.TestMethodWorker.invokeTestMethods(TestMethodWorker.java:146)
at org.testng.internal.TestMethodWorker.run(TestMethodWorker.java:128)
at java.util.ArrayList.forEach(Unknown Source)
at org.testng.TestRunner.privateRun(TestRunner.java:770)
at org.testng.TestRunner.run(TestRunner.java:591)
at org.testng.SuiteRunner.runTest(SuiteRunner.java:402)
at org.testng.SuiteRunner.runSequentially(SuiteRunner.java:396)
at org.testng.SuiteRunner.privateRun(SuiteRunner.java:355)
at org.testng.SuiteRunner.run(SuiteRunner.java:304)
at org.testng.SuiteRunnerWorker.runSuite(SuiteRunnerWorker.java:53)
at org.testng.SuiteRunnerWorker.run(SuiteRunnerWorker.java:96)
at org.testng.TestNG.runSuitesSequentially(TestNG.java:1180)
at org.testng.TestNG.runSuitesLocally(TestNG.java:1102)
at org.testng.TestNG.runSuites(TestNG.java:1032)
at org.testng.TestNG.run(TestNG.java:1000)
at org.testng.remote.AbstractRemoteTestNG.run(AbstractRemoteTestNG.java:115)
at org.testng.remote.RemoteTestNG.initAndRun(RemoteTestNG.java:251)
at org.testng.remote.RemoteTestNG.main(RemoteTestNG.java:77)
]]>
            </full-stacktrace>
          </exception> <!-- org.openqa.selenium.StaleElementReferenceException -->
          <reporter-output>
          </reporter-output>
        </test-method> <!-- call -->
        <test-method status="FAIL" signature="close()[pri:0, instance:com.Testcase.Alaska_testcase@7d0587f1]" name="close" is-config="true" duration-ms="8" started-at="2020-03-12T12:07:31 IST" finished-at="2020-03-12T12:07:31 IST">
          <exception class="java.lang.StackOverflowError">
            <full-stacktrace>
              <![CDATA[java.lang.StackOverflowError
at com.Testcase.Alaska_testcase.close(Alaska_testcase.java:52)
at com.Testcase.Alaska_testcase.close(Alaska_testcase.java:52)
at com.Testcase.Alaska_testcase.close(Alaska_testcase.java:52)
at com.Testcase.Alaska_testcase.close(Alaska_testcase.java:52)
at com.Testcase.Alaska_testcase.close(Alaska_testcase.java:52)
at com.Testcase.Alaska_testcase.close(Alaska_testcase.java:52)
at com.Testcase.Alaska_testcase.close(Alaska_testcase.java:52)
at com.Testcase.Alaska_testcase.close(Alaska_testcase.java:52)
at com.Testcase.Alaska_testcase.close(Alaska_testcase.java:52)
at com.Testcase.Alaska_testcase.close(Alaska_testcase.java:52)
at com.Testcase.Alaska_testcase.close(Alaska_testcase.java:52)
at com.Testcase.Alaska_testcase.close(Alaska_testcase.java:52)
at com.Testcase.Alaska_testcase.close(Alaska_testcase.java:52)
at com.Testcase.Alaska_testcase.close(Alaska_testcase.java:52)
at com.Testcase.Alaska_testcase.close(Alaska_testcase.java:52)
at com.Testcase.Alaska_testcase.close(Alaska_testcase.java:52)
at com.Testcase.Alaska_testcase.close(Alaska_testcase.java:52)
at com.Testcase.Alaska_testcase.close(Alaska_testcase.java:52)
at com.Testcase.Alaska_testcase.close(Alaska_testcase.java:52)
at com.Testcase.Alaska_testcase.close(Alaska_testcase.java:52)
at com.Testcase.Alaska_testcase.close(Alaska_testcase.java:52)
at com.Testcase.Alaska_testcase.close(Alaska_testcase.java:52)
at com.Testcase.Alaska_testcase.close(Alaska_testcase.java:52)
at com.Testcase.Alaska_testcase.close(Alaska_testcase.java:52)
at com.Testcase.Alaska_testcase.close(Alaska_testcase.java:52)
at com.Testcase.Alaska_testcase.close(Alaska_testcase.java:52)
at com.Testcase.Alaska_testcase.close(Alaska_testcase.java:52)
at com.Testcase.Alaska_testcase.close(Alaska_testcase.java:52)
at com.Testcase.Alaska_testcase.close(Alaska_testcase.java:52)
at com.Testcase.Alaska_testcase.close(Alaska_testcase.java:52)
at com.Testcase.Alaska_testcase.close(Alaska_testcase.java:52)
at com.Testcase.Alaska_testcase.close(Alaska_testcase.java:52)
at com.Testcase.Alaska_testcase.close(Alaska_testcase.java:52)
at com.Testcase.Alaska_testcase.close(Alaska_testcase.java:52)
at com.Testcase.Alaska_testcase.close(Alaska_testcase.java:52)
at com.Testcase.Alaska_testcase.close(Alaska_testcase.java:52)
at com.Testcase.Alaska_testcase.close(Alaska_testcase.java:52)
at com.Testcase.Alaska_testcase.close(Alaska_testcase.java:52)
at com.Testcase.Alaska_testcase.close(Alaska_testcase.java:52)
at com.Testcase.Alaska_testcase.close(Alaska_testcase.java:52)
at com.Testcase.Alaska_testcase.close(Alaska_testcase.java:52)
at com.Testcase.Alaska_testcase.close(Alaska_testcase.java:52)
at com.Testcase.Alaska_testcase.close(Alaska_testcase.java:52)
at com.Testcase.Alaska_testcase.close(Alaska_testcase.java:52)
at com.Testcase.Alaska_testcase.close(Alaska_testcase.java:52)
at com.Testcase.Alaska_testcase.close(Alaska_testcase.java:52)
at com.Testcase.Alaska_testcase.close(Alaska_testcase.java:52)
at com.Testcase.Alaska_testcase.close(Alaska_testcase.java:52)
at com.Testcase.Alaska_testcase.close(Alaska_testcase.java:52)
at com.Testcase.Alaska_testcase.close(Alaska_testcase.java:52)
at com.Testcase.Alaska_testcase.close(Alaska_testcase.java:52)
at com.Testcase.Alaska_testcase.close(Alaska_testcase.java:52)
at com.Testcase.Alaska_testcase.close(Alaska_testcase.java:52)
at com.Testcase.Alaska_testcase.close(Alaska_testcase.java:52)
at com.Testcase.Alaska_testcase.close(Alaska_testcase.java:52)
at com.Testcase.Alaska_testcase.close(Alaska_testcase.java:52)
at com.Testcase.Alaska_testcase.close(Alaska_testcase.java:52)
at com.Testcase.Alaska_testcase.close(Alaska_testcase.java:52)
at com.Testcase.Alaska_testcase.close(Alaska_testcase.java:52)
at com.Testcase.Alaska_testcase.close(Alaska_testcase.java:52)
at com.Testcase.Alaska_testcase.close(Alaska_testcase.java:52)
at com.Testcase.Alaska_testcase.close(Alaska_testcase.java:52)
at com.Testcase.Alaska_testcase.close(Alaska_testcase.java:52)
at com.Testcase.Alaska_testcase.close(Alaska_testcase.java:52)
at com.Testcase.Alaska_testcase.close(Alaska_testcase.java:52)
at com.Testcase.Alaska_testcase.close(Alaska_testcase.java:52)
at com.Testcase.Alaska_testcase.close(Alaska_testcase.java:52)
at com.Testcase.Alaska_testcase.close(Alaska_testcase.java:52)
at com.Testcase.Alaska_testcase.close(Alaska_testcase.java:52)
at com.Testcase.Alaska_testcase.close(Alaska_testcase.java:52)
at com.Testcase.Alaska_testcase.close(Alaska_testcase.java:52)
at com.Testcase.Alaska_testcase.close(Alaska_testcase.java:52)
at com.Testcase.Alaska_testcase.close(Alaska_testcase.java:52)
at com.Testcase.Alaska_testcase.close(Alaska_testcase.java:52)
at com.Testcase.Alaska_testcase.close(Alaska_testcase.java:52)
at com.Testcase.Alaska_testcase.close(Alaska_testcase.java:52)
at com.Testcase.Alaska_testcase.close(Alaska_testcase.java:52)
at com.Testcase.Alaska_testcase.close(Alaska_testcase.java:52)
at com.Testcase.Alaska_testcase.close(Alaska_testcase.java:52)
at com.Testcase.Alaska_testcase.close(Alaska_testcase.java:52)
at com.Testcase.Alaska_testcase.close(Alaska_testcase.java:52)
at com.Testcase.Alaska_testcase.close(Alaska_testcase.java:52)
at com.Testcase.Alaska_testcase.close(Alaska_testcase.java:52)
at com.Testcase.Alaska_testcase.close(Alaska_testcase.java:52)
at com.Testcase.Alaska_testcase.close(Alaska_testcase.java:52)
at com.Testcase.Alaska_testcase.close(Alaska_testcase.java:52)
at com.Testcase.Alaska_testcase.close(Alaska_testcase.java:52)
at com.Testcase.Alaska_testcase.close(Alaska_testcase.java:52)
at com.Testcase.Alaska_testcase.close(Alaska_testcase.java:52)
at com.Testcase.Alaska_testcase.close(Alaska_testcase.java:52)
at com.Testcase.Alaska_testcase.close(Alaska_testcase.java:52)
at com.Testcase.Alaska_testcase.close(Alaska_testcase.java:52)
at com.Testcase.Alaska_testcase.close(Alaska_testcase.java:52)
at com.Testcase.Alaska_testcase.close(Alaska_testcase.java:52)
at com.Testcase.Alaska_testcase.close(Alaska_testcase.java:52)
at com.Testcase.Alaska_testcase.close(Alaska_testcase.java:52)
at com.Testcase.Alaska_testcase.close(Alaska_testcase.java:52)
at com.Testcase.Alaska_testcase.close(Alaska_testcase.java:52)
at com.Testcase.Alaska_testcase.close(Alaska_testcase.java:52)
at com.Testcase.Alaska_testcase.close(Alaska_testcase.java:52)
at com.Testcase.Alaska_testcase.close(Alaska_testcase.java:52)
at com.Testcase.Alaska_testcase.close(Alaska_testcase.java:52)
at com.Testcase.Alaska_testcase.close(Alaska_testcase.java:52)
at com.Testcase.Alaska_testcase.close(Alaska_testcase.java:52)
at com.Testcase.Alaska_testcase.close(Alaska_testcase.java:52)
at com.Testcase.Alaska_testcase.close(Alaska_testcase.java:52)
at com.Testcase.Alaska_testcase.close(Alaska_testcase.java:52)
at com.Testcase.Alaska_testcase.close(Alaska_testcase.java:52)
at com.Testcase.Alaska_testcase.close(Alaska_testcase.java:52)
at com.Testcase.Alaska_testcase.close(Alaska_testcase.java:52)
at com.Testcase.Alaska_testcase.close(Alaska_testcase.java:52)
at com.Testcase.Alaska_testcase.close(Alaska_testcase.java:52)
at com.Testcase.Alaska_testcase.close(Alaska_testcase.java:52)
at com.Testcase.Alaska_testcase.close(Alaska_testcase.java:52)
at com.Testcase.Alaska_testcase.close(Alaska_testcase.java:52)
at com.Testcase.Alaska_testcase.close(Alaska_testcase.java:52)
at com.Testcase.Alaska_testcase.close(Alaska_testcase.java:52)
at com.Testcase.Alaska_testcase.close(Alaska_testcase.java:52)
at com.Testcase.Alaska_testcase.close(Alaska_testcase.java:52)
at com.Testcase.Alaska_testcase.close(Alaska_testcase.java:52)
at com.Testcase.Alaska_testcase.close(Alaska_testcase.java:52)
at com.Testcase.Alaska_testcase.close(Alaska_testcase.java:52)
at com.Testcase.Alaska_testcase.close(Alaska_testcase.java:52)
at com.Testcase.Alaska_testcase.close(Alaska_testcase.java:52)
at com.Testcase.Alaska_testcase.close(Alaska_testcase.java:52)
at com.Testcase.Alaska_testcase.close(Alaska_testcase.java:52)
at com.Testcase.Alaska_testcase.close(Alaska_testcase.java:52)
at com.Testcase.Alaska_testcase.close(Alaska_testcase.java:52)
at com.Testcase.Alaska_testcase.close(Alaska_testcase.java:52)
at com.Testcase.Alaska_testcase.close(Alaska_testcase.java:52)
at com.Testcase.Alaska_testcase.close(Alaska_testcase.java:52)
at com.Testcase.Alaska_testcase.close(Alaska_testcase.java:52)
at com.Testcase.Alaska_testcase.close(Alaska_testcase.java:52)
at com.Testcase.Alaska_testcase.close(Alaska_testcase.java:52)
at com.Testcase.Alaska_testcase.close(Alaska_testcase.java:52)
at com.Testcase.Alaska_testcase.close(Alaska_testcase.java:52)
at com.Testcase.Alaska_testcase.close(Alaska_testcase.java:52)
at com.Testcase.Alaska_testcase.close(Alaska_testcase.java:52)
at com.Testcase.Alaska_testcase.close(Alaska_testcase.java:52)
at com.Testcase.Alaska_testcase.close(Alaska_testcase.java:52)
at com.Testcase.Alaska_testcase.close(Alaska_testcase.java:52)
at com.Testcase.Alaska_testcase.close(Alaska_testcase.java:52)
at com.Testcase.Alaska_testcase.close(Alaska_testcase.java:52)
at com.Testcase.Alaska_testcase.close(Alaska_testcase.java:52)
at com.Testcase.Alaska_testcase.close(Alaska_testcase.java:52)
at com.Testcase.Alaska_testcase.close(Alaska_testcase.java:52)
at com.Testcase.Alaska_testcase.close(Alaska_testcase.java:52)
at com.Testcase.Alaska_testcase.close(Alaska_testcase.java:52)
at com.Testcase.Alaska_testcase.close(Alaska_testcase.java:52)
at com.Testcase.Alaska_testcase.close(Alaska_testcase.java:52)
at com.Testcase.Alaska_testcase.close(Alaska_testcase.java:52)
at com.Testcase.Alaska_testcase.close(Alaska_testcase.java:52)
at com.Testcase.Alaska_testcase.close(Alaska_testcase.java:52)
at com.Testcase.Alaska_testcase.close(Alaska_testcase.java:52)
at com.Testcase.Alaska_testcase.close(Alaska_testcase.java:52)
at com.Testcase.Alaska_testcase.close(Alaska_testcase.java:52)
at com.Testcase.Alaska_testcase.close(Alaska_testcase.java:52)
at com.Testcase.Alaska_testcase.close(Alaska_testcase.java:52)
at com.Testcase.Alaska_testcase.close(Alaska_testcase.java:52)
at com.Testcase.Alaska_testcase.close(Alaska_testcase.java:52)
at com.Testcase.Alaska_testcase.close(Alaska_testcase.java:52)
at com.Testcase.Alaska_testcase.close(Alaska_testcase.java:52)
at com.Testcase.Alaska_testcase.close(Alaska_testcase.java:52)
at com.Testcase.Alaska_testcase.close(Alaska_testcase.java:52)
at com.Testcase.Alaska_testcase.close(Alaska_testcase.java:52)
at com.Testcase.Alaska_testcase.close(Alaska_testcase.java:52)
at com.Testcase.Alaska_testcase.close(Alaska_testcase.java:52)
at com.Testcase.Alaska_testcase.close(Alaska_testcase.java:52)
at com.Testcase.Alaska_testcase.close(Alaska_testcase.java:52)
at com.Testcase.Alaska_testcase.close(Alaska_testcase.java:52)
at com.Testcase.Alaska_testcase.close(Alaska_testcase.java:52)
at com.Testcase.Alaska_testcase.close(Alaska_testcase.java:52)
at com.Testcase.Alaska_testcase.close(Alaska_testcase.java:52)
at com.Testcase.Alaska_testcase.close(Alaska_testcase.java:52)
at com.Testcase.Alaska_testcase.close(Alaska_testcase.java:52)
at com.Testcase.Alaska_testcase.close(Alaska_testcase.java:52)
at com.Testcase.Alaska_testcase.close(Alaska_testcase.java:52)
at com.Testcase.Alaska_testcase.close(Alaska_testcase.java:52)
at com.Testcase.Alaska_testcase.close(Alaska_testcase.java:52)
at com.Testcase.Alaska_testcase.close(Alaska_testcase.java:52)
at com.Testcase.Alaska_testcase.close(Alaska_testcase.java:52)
at com.Testcase.Alaska_testcase.close(Alaska_testcase.java:52)
at com.Testcase.Alaska_testcase.close(Alaska_testcase.java:52)
at com.Testcase.Alaska_testcase.close(Alaska_testcase.java:52)
at com.Testcase.Alaska_testcase.close(Alaska_testcase.java:52)
at com.Testcase.Alaska_testcase.close(Alaska_testcase.java:52)
at com.Testcase.Alaska_testcase.close(Alaska_testcase.java:52)
at com.Testcase.Alaska_testcase.close(Alaska_testcase.java:52)
at com.Testcase.Alaska_testcase.close(Alaska_testcase.java:52)
at com.Testcase.Alaska_testcase.close(Alaska_testcase.java:52)
at com.Testcase.Alaska_testcase.close(Alaska_testcase.java:52)
at com.Testcase.Alaska_testcase.close(Alaska_testcase.java:52)
at com.Testcase.Alaska_testcase.close(Alaska_testcase.java:52)
at com.Testcase.Alaska_testcase.close(Alaska_testcase.java:52)
at com.Testcase.Alaska_testcase.close(Alaska_testcase.java:52)
at com.Testcase.Alaska_testcase.close(Alaska_testcase.java:52)
at com.Testcase.Alaska_testcase.close(Alaska_testcase.java:52)
at com.Testcase.Alaska_testcase.close(Alaska_testcase.java:52)
at com.Testcase.Alaska_testcase.close(Alaska_testcase.java:52)
at com.Testcase.Alaska_testcase.close(Alaska_testcase.java:52)
at com.Testcase.Alaska_testcase.close(Alaska_testcase.java:52)
at com.Testcase.Alaska_testcase.close(Alaska_testcase.java:52)
at com.Testcase.Alaska_testcase.close(Alaska_testcase.java:52)
at com.Testcase.Alaska_testcase.close(Alaska_testcase.java:52)
at com.Testcase.Alaska_testcase.close(Alaska_testcase.java:52)
at com.Testcase.Alaska_testcase.close(Alaska_testcase.java:52)
at com.Testcase.Alaska_testcase.close(Alaska_testcase.java:52)
at com.Testcase.Alaska_testcase.close(Alaska_testcase.java:52)
at com.Testcase.Alaska_testcase.close(Alaska_testcase.java:52)
at com.Testcase.Alaska_testcase.close(Alaska_testcase.java:52)
at com.Testcase.Alaska_testcase.close(Alaska_testcase.java:52)
at com.Testcase.Alaska_testcase.close(Alaska_testcase.java:52)
at com.Testcase.Alaska_testcase.close(Alaska_testcase.java:52)
at com.Testcase.Alaska_testcase.close(Alaska_testcase.java:52)
at com.Testcase.Alaska_testcase.close(Alaska_testcase.java:52)
at com.Testcase.Alaska_testcase.close(Alaska_testcase.java:52)
at com.Testcase.Alaska_testcase.close(Alaska_testcase.java:52)
at com.Testcase.Alaska_testcase.close(Alaska_testcase.java:52)
at com.Testcase.Alaska_testcase.close(Alaska_testcase.java:52)
at com.Testcase.Alaska_testcase.close(Alaska_testcase.java:52)
at com.Testcase.Alaska_testcase.close(Alaska_testcase.java:52)
at com.Testcase.Alaska_testcase.close(Alaska_testcase.java:52)
at com.Testcase.Alaska_testcase.close(Alaska_testcase.java:52)
at com.Testcase.Alaska_testcase.close(Alaska_testcase.java:52)
at com.Testcase.Alaska_testcase.close(Alaska_testcase.java:52)
at com.Testcase.Alaska_testcase.close(Alaska_testcase.java:52)
at com.Testcase.Alaska_testcase.close(Alaska_testcase.java:52)
at com.Testcase.Alaska_testcase.close(Alaska_testcase.java:52)
at com.Testcase.Alaska_testcase.close(Alaska_testcase.java:52)
at com.Testcase.Alaska_testcase.close(Alaska_testcase.java:52)
at com.Testcase.Alaska_testcase.close(Alaska_testcase.java:52)
at com.Testcase.Alaska_testcase.close(Alaska_testcase.java:52)
at com.Testcase.Alaska_testcase.close(Alaska_testcase.java:52)
at com.Testcase.Alaska_testcase.close(Alaska_testcase.java:52)
at com.Testcase.Alaska_testcase.close(Alaska_testcase.java:52)
at com.Testcase.Alaska_testcase.close(Alaska_testcase.java:52)
at com.Testcase.Alaska_testcase.close(Alaska_testcase.java:52)
at com.Testcase.Alaska_testcase.close(Alaska_testcase.java:52)
at com.Testcase.Alaska_testcase.close(Alaska_testcase.java:52)
at com.Testcase.Alaska_testcase.close(Alaska_testcase.java:52)
at com.Testcase.Alaska_testcase.close(Alaska_testcase.java:52)
at com.Testcase.Alaska_testcase.close(Alaska_testcase.java:52)
at com.Testcase.Alaska_testcase.close(Alaska_testcase.java:52)
at com.Testcase.Alaska_testcase.close(Alaska_testcase.java:52)
at com.Testcase.Alaska_testcase.close(Alaska_testcase.java:52)
at com.Testcase.Alaska_testcase.close(Alaska_testcase.java:52)
at com.Testcase.Alaska_testcase.close(Alaska_testcase.java:52)
at com.Testcase.Alaska_testcase.close(Alaska_testcase.java:52)
at com.Testcase.Alaska_testcase.close(Alaska_testcase.java:52)
at com.Testcase.Alaska_testcase.close(Alaska_testcase.java:52)
at com.Testcase.Alaska_testcase.close(Alaska_testcase.java:52)
at com.Testcase.Alaska_testcase.close(Alaska_testcase.java:52)
at com.Testcase.Alaska_testcase.close(Alaska_testcase.java:52)
at com.Testcase.Alaska_testcase.close(Alaska_testcase.java:52)
at com.Testcase.Alaska_testcase.close(Alaska_testcase.java:52)
at com.Testcase.Alaska_testcase.close(Alaska_testcase.java:52)
at com.Testcase.Alaska_testcase.close(Alaska_testcase.java:52)
at com.Testcase.Alaska_testcase.close(Alaska_testcase.java:52)
at com.Testcase.Alaska_testcase.close(Alaska_testcase.java:52)
at com.Testcase.Alaska_testcase.close(Alaska_testcase.java:52)
at com.Testcase.Alaska_testcase.close(Alaska_testcase.java:52)
at com.Testcase.Alaska_testcase.close(Alaska_testcase.java:52)
at com.Testcase.Alaska_testcase.close(Alaska_testcase.java:52)
at com.Testcase.Alaska_testcase.close(Alaska_testcase.java:52)
at com.Testcase.Alaska_testcase.close(Alaska_testcase.java:52)
at com.Testcase.Alaska_testcase.close(Alaska_testcase.java:52)
at com.Testcase.Alaska_testcase.close(Alaska_testcase.java:52)
at com.Testcase.Alaska_testcase.close(Alaska_testcase.java:52)
at com.Testcase.Alaska_testcase.close(Alaska_testcase.java:52)
at com.Testcase.Alaska_testcase.close(Alaska_testcase.java:52)
at com.Testcase.Alaska_testcase.close(Alaska_testcase.java:52)
at com.Testcase.Alaska_testcase.close(Alaska_testcase.java:52)
at com.Testcase.Alaska_testcase.close(Alaska_testcase.java:52)
at com.Testcase.Alaska_testcase.close(Alaska_testcase.java:52)
at com.Testcase.Alaska_testcase.close(Alaska_testcase.java:52)
at com.Testcase.Alaska_testcase.close(Alaska_testcase.java:52)
at com.Testcase.Alaska_testcase.close(Alaska_testcase.java:52)
at com.Testcase.Alaska_testcase.close(Alaska_testcase.java:52)
at com.Testcase.Alaska_testcase.close(Alaska_testcase.java:52)
at com.Testcase.Alaska_testcase.close(Alaska_testcase.java:52)
at com.Testcase.Alaska_testcase.close(Alaska_testcase.java:52)
at com.Testcase.Alaska_testcase.close(Alaska_testcase.java:52)
at com.Testcase.Alaska_testcase.close(Alaska_testcase.java:52)
at com.Testcase.Alaska_testcase.close(Alaska_testcase.java:52)
at com.Testcase.Alaska_testcase.close(Alaska_testcase.java:52)
at com.Testcase.Alaska_testcase.close(Alaska_testcase.java:52)
at com.Testcase.Alaska_testcase.close(Alaska_testcase.java:52)
at com.Testcase.Alaska_testcase.close(Alaska_testcase.java:52)
at com.Testcase.Alaska_testcase.close(Alaska_testcase.java:52)
at com.Testcase.Alaska_testcase.close(Alaska_testcase.java:52)
at com.Testcase.Alaska_testcase.close(Alaska_testcase.java:52)
at com.Testcase.Alaska_testcase.close(Alaska_testcase.java:52)
at com.Testcase.Alaska_testcase.close(Alaska_testcase.java:52)
at com.Testcase.Alaska_testcase.close(Alaska_testcase.java:52)
at com.Testcase.Alaska_testcase.close(Alaska_testcase.java:52)
at com.Testcase.Alaska_testcase.close(Alaska_testcase.java:52)
at com.Testcase.Alaska_testcase.close(Alaska_testcase.java:52)
at com.Testcase.Alaska_testcase.close(Alaska_testcase.java:52)
at com.Testcase.Alaska_testcase.close(Alaska_testcase.java:52)
at com.Testcase.Alaska_testcase.close(Alaska_testcase.java:52)
at com.Testcase.Alaska_testcase.close(Alaska_testcase.java:52)
at com.Testcase.Alaska_testcase.close(Alaska_testcase.java:52)
at com.Testcase.Alaska_testcase.close(Alaska_testcase.java:52)
at com.Testcase.Alaska_testcase.close(Alaska_testcase.java:52)
at com.Testcase.Alaska_testcase.close(Alaska_testcase.java:52)
at com.Testcase.Alaska_testcase.close(Alaska_testcase.java:52)
at com.Testcase.Alaska_testcase.close(Alaska_testcase.java:52)
at com.Testcase.Alaska_testcase.close(Alaska_testcase.java:52)
at com.Testcase.Alaska_testcase.close(Alaska_testcase.java:52)
at com.Testcase.Alaska_testcase.close(Alaska_testcase.java:52)
at com.Testcase.Alaska_testcase.close(Alaska_testcase.java:52)
at com.Testcase.Alaska_testcase.close(Alaska_testcase.java:52)
at com.Testcase.Alaska_testcase.close(Alaska_testcase.java:52)
at com.Testcase.Alaska_testcase.close(Alaska_testcase.java:52)
at com.Testcase.Alaska_testcase.close(Alaska_testcase.java:52)
at com.Testcase.Alaska_testcase.close(Alaska_testcase.java:52)
at com.Testcase.Alaska_testcase.close(Alaska_testcase.java:52)
at com.Testcase.Alaska_testcase.close(Alaska_testcase.java:52)
at com.Testcase.Alaska_testcase.close(Alaska_testcase.java:52)
at com.Testcase.Alaska_testcase.close(Alaska_testcase.java:52)
at com.Testcase.Alaska_testcase.close(Alaska_testcase.java:52)
at com.Testcase.Alaska_testcase.close(Alaska_testcase.java:52)
at com.Testcase.Alaska_testcase.close(Alaska_testcase.java:52)
at com.Testcase.Alaska_testcase.close(Alaska_testcase.java:52)
at com.Testcase.Alaska_testcase.close(Alaska_testcase.java:52)
at com.Testcase.Alaska_testcase.close(Alaska_testcase.java:52)
at com.Testcase.Alaska_testcase.close(Alaska_testcase.java:52)
at com.Testcase.Alaska_testcase.close(Alaska_testcase.java:52)
at com.Testcase.Alaska_testcase.close(Alaska_testcase.java:52)
at com.Testcase.Alaska_testcase.close(Alaska_testcase.java:52)
at com.Testcase.Alaska_testcase.close(Alaska_testcase.java:52)
at com.Testcase.Alaska_testcase.close(Alaska_testcase.java:52)
at com.Testcase.Alaska_testcase.close(Alaska_testcase.java:52)
at com.Testcase.Alaska_testcase.close(Alaska_testcase.java:52)
at com.Testcase.Alaska_testcase.close(Alaska_testcase.java:52)
at com.Testcase.Alaska_testcase.close(Alaska_testcase.java:52)
at com.Testcase.Alaska_testcase.close(Alaska_testcase.java:52)
at com.Testcase.Alaska_testcase.close(Alaska_testcase.java:52)
at com.Testcase.Alaska_testcase.close(Alaska_testcase.java:52)
at com.Testcase.Alaska_testcase.close(Alaska_testcase.java:52)
at com.Testcase.Alaska_testcase.close(Alaska_testcase.java:52)
at com.Testcase.Alaska_testcase.close(Alaska_testcase.java:52)
at com.Testcase.Alaska_testcase.close(Alaska_testcase.java:52)
at com.Testcase.Alaska_testcase.close(Alaska_testcase.java:52)
at com.Testcase.Alaska_testcase.close(Alaska_testcase.java:52)
at com.Testcase.Alaska_testcase.close(Alaska_testcase.java:52)
at com.Testcase.Alaska_testcase.close(Alaska_testcase.java:52)
at com.Testcase.Alaska_testcase.close(Alaska_testcase.java:52)
at com.Testcase.Alaska_testcase.close(Alaska_testcase.java:52)
at com.Testcase.Alaska_testcase.close(Alaska_testcase.java:52)
at com.Testcase.Alaska_testcase.close(Alaska_testcase.java:52)
at com.Testcase.Alaska_testcase.close(Alaska_testcase.java:52)
at com.Testcase.Alaska_testcase.close(Alaska_testcase.java:52)
at com.Testcase.Alaska_testcase.close(Alaska_testcase.java:52)
at com.Testcase.Alaska_testcase.close(Alaska_testcase.java:52)
at com.Testcase.Alaska_testcase.close(Alaska_testcase.java:52)
at com.Testcase.Alaska_testcase.close(Alaska_testcase.java:52)
at com.Testcase.Alaska_testcase.close(Alaska_testcase.java:52)
at com.Testcase.Alaska_testcase.close(Alaska_testcase.java:52)
at com.Testcase.Alaska_testcase.close(Alaska_testcase.java:52)
at com.Testcase.Alaska_testcase.close(Alaska_testcase.java:52)
at com.Testcase.Alaska_testcase.close(Alaska_testcase.java:52)
at com.Testcase.Alaska_testcase.close(Alaska_testcase.java:52)
at com.Testcase.Alaska_testcase.close(Alaska_testcase.java:52)
at com.Testcase.Alaska_testcase.close(Alaska_testcase.java:52)
at com.Testcase.Alaska_testcase.close(Alaska_testcase.java:52)
at com.Testcase.Alaska_testcase.close(Alaska_testcase.java:52)
at com.Testcase.Alaska_testcase.close(Alaska_testcase.java:52)
at com.Testcase.Alaska_testcase.close(Alaska_testcase.java:52)
at com.Testcase.Alaska_testcase.close(Alaska_testcase.java:52)
at com.Testcase.Alaska_testcase.close(Alaska_testcase.java:52)
at com.Testcase.Alaska_testcase.close(Alaska_testcase.java:52)
at com.Testcase.Alaska_testcase.close(Alaska_testcase.java:52)
at com.Testcase.Alaska_testcase.close(Alaska_testcase.java:52)
at com.Testcase.Alaska_testcase.close(Alaska_testcase.java:52)
at com.Testcase.Alaska_testcase.close(Alaska_testcase.java:52)
at com.Testcase.Alaska_testcase.close(Alaska_testcase.java:52)
at com.Testcase.Alaska_testcase.close(Alaska_testcase.java:52)
at com.Testcase.Alaska_testcase.close(Alaska_testcase.java:52)
at com.Testcase.Alaska_testcase.close(Alaska_testcase.java:52)
at com.Testcase.Alaska_testcase.close(Alaska_testcase.java:52)
at com.Testcase.Alaska_testcase.close(Alaska_testcase.java:52)
at com.Testcase.Alaska_testcase.close(Alaska_testcase.java:52)
at com.Testcase.Alaska_testcase.close(Alaska_testcase.java:52)
at com.Testcase.Alaska_testcase.close(Alaska_testcase.java:52)
at com.Testcase.Alaska_testcase.close(Alaska_testcase.java:52)
at com.Testcase.Alaska_testcase.close(Alaska_testcase.java:52)
at com.Testcase.Alaska_testcase.close(Alaska_testcase.java:52)
at com.Testcase.Alaska_testcase.close(Alaska_testcase.java:52)
at com.Testcase.Alaska_testcase.close(Alaska_testcase.java:52)
at com.Testcase.Alaska_testcase.close(Alaska_testcase.java:52)
at com.Testcase.Alaska_testcase.close(Alaska_testcase.java:52)
at com.Testcase.Alaska_testcase.close(Alaska_testcase.java:52)
at com.Testcase.Alaska_testcase.close(Alaska_testcase.java:52)
at com.Testcase.Alaska_testcase.close(Alaska_testcase.java:52)
at com.Testcase.Alaska_testcase.close(Alaska_testcase.java:52)
at com.Testcase.Alaska_testcase.close(Alaska_testcase.java:52)
at com.Testcase.Alaska_testcase.close(Alaska_testcase.java:52)
at com.Testcase.Alaska_testcase.close(Alaska_testcase.java:52)
at com.Testcase.Alaska_testcase.close(Alaska_testcase.java:52)
at com.Testcase.Alaska_testcase.close(Alaska_testcase.java:52)
at com.Testcase.Alaska_testcase.close(Alaska_testcase.java:52)
at com.Testcase.Alaska_testcase.close(Alaska_testcase.java:52)
at com.Testcase.Alaska_testcase.close(Alaska_testcase.java:52)
at com.Testcase.Alaska_testcase.close(Alaska_testcase.java:52)
at com.Testcase.Alaska_testcase.close(Alaska_testcase.java:52)
at com.Testcase.Alaska_testcase.close(Alaska_testcase.java:52)
at com.Testcase.Alaska_testcase.close(Alaska_testcase.java:52)
at com.Testcase.Alaska_testcase.close(Alaska_testcase.java:52)
at com.Testcase.Alaska_testcase.close(Alaska_testcase.java:52)
at com.Testcase.Alaska_testcase.close(Alaska_testcase.java:52)
at com.Testcase.Alaska_testcase.close(Alaska_testcase.java:52)
at com.Testcase.Alaska_testcase.close(Alaska_testcase.java:52)
at com.Testcase.Alaska_testcase.close(Alaska_testcase.java:52)
at com.Testcase.Alaska_testcase.close(Alaska_testcase.java:52)
at com.Testcase.Alaska_testcase.close(Alaska_testcase.java:52)
at com.Testcase.Alaska_testcase.close(Alaska_testcase.java:52)
at com.Testcase.Alaska_testcase.close(Alaska_testcase.java:52)
at com.Testcase.Alaska_testcase.close(Alaska_testcase.java:52)
at com.Testcase.Alaska_testcase.close(Alaska_testcase.java:52)
at com.Testcase.Alaska_testcase.close(Alaska_testcase.java:52)
at com.Testcase.Alaska_testcase.close(Alaska_testcase.java:52)
at com.Testcase.Alaska_testcase.close(Alaska_testcase.java:52)
at com.Testcase.Alaska_testcase.close(Alaska_testcase.java:52)
at com.Testcase.Alaska_testcase.close(Alaska_testcase.java:52)
at com.Testcase.Alaska_testcase.close(Alaska_testcase.java:52)
at com.Testcase.Alaska_testcase.close(Alaska_testcase.java:52)
at com.Testcase.Alaska_testcase.close(Alaska_testcase.java:52)
at com.Testcase.Alaska_testcase.close(Alaska_testcase.java:52)
at com.Testcase.Alaska_testcase.close(Alaska_testcase.java:52)
at com.Testcase.Alaska_testcase.close(Alaska_testcase.java:52)
at com.Testcase.Alaska_testcase.close(Alaska_testcase.java:52)
at com.Testcase.Alaska_testcase.close(Alaska_testcase.java:52)
at com.Testcase.Alaska_testcase.close(Alaska_testcase.java:52)
at com.Testcase.Alaska_testcase.close(Alaska_testcase.java:52)
at com.Testcase.Alaska_testcase.close(Alaska_testcase.java:52)
at com.Testcase.Alaska_testcase.close(Alaska_testcase.java:52)
at com.Testcase.Alaska_testcase.close(Alaska_testcase.java:52)
at com.Testcase.Alaska_testcase.close(Alaska_testcase.java:52)
at com.Testcase.Alaska_testcase.close(Alaska_testcase.java:52)
at com.Testcase.Alaska_testcase.close(Alaska_testcase.java:52)
at com.Testcase.Alaska_testcase.close(Alaska_testcase.java:52)
at com.Testcase.Alaska_testcase.close(Alaska_testcase.java:52)
at com.Testcase.Alaska_testcase.close(Alaska_testcase.java:52)
at com.Testcase.Alaska_testcase.close(Alaska_testcase.java:52)
at com.Testcase.Alaska_testcase.close(Alaska_testcase.java:52)
at com.Testcase.Alaska_testcase.close(Alaska_testcase.java:52)
at com.Testcase.Alaska_testcase.close(Alaska_testcase.java:52)
at com.Testcase.Alaska_testcase.close(Alaska_testcase.java:52)
at com.Testcase.Alaska_testcase.close(Alaska_testcase.java:52)
at com.Testcase.Alaska_testcase.close(Alaska_testcase.java:52)
at com.Testcase.Alaska_testcase.close(Alaska_testcase.java:52)
at com.Testcase.Alaska_testcase.close(Alaska_testcase.java:52)
at com.Testcase.Alaska_testcase.close(Alaska_testcase.java:52)
at com.Testcase.Alaska_testcase.close(Alaska_testcase.java:52)
at com.Testcase.Alaska_testcase.close(Alaska_testcase.java:52)
at com.Testcase.Alaska_testcase.close(Alaska_testcase.java:52)
at com.Testcase.Alaska_testcase.close(Alaska_testcase.java:52)
at com.Testcase.Alaska_testcase.close(Alaska_testcase.java:52)
at com.Testcase.Alaska_testcase.close(Alaska_testcase.java:52)
at com.Testcase.Alaska_testcase.close(Alaska_testcase.java:52)
at com.Testcase.Alaska_testcase.close(Alaska_testcase.java:52)
at com.Testcase.Alaska_testcase.close(Alaska_testcase.java:52)
at com.Testcase.Alaska_testcase.close(Alaska_testcase.java:52)
at com.Testcase.Alaska_testcase.close(Alaska_testcase.java:52)
at com.Testcase.Alaska_testcase.close(Alaska_testcase.java:52)
at com.Testcase.Alaska_testcase.close(Alaska_testcase.java:52)
at com.Testcase.Alaska_testcase.close(Alaska_testcase.java:52)
at com.Testcase.Alaska_testcase.close(Alaska_testcase.java:52)
at com.Testcase.Alaska_testcase.close(Alaska_testcase.java:52)
at com.Testcase.Alaska_testcase.close(Alaska_testcase.java:52)
at com.Testcase.Alaska_testcase.close(Alaska_testcase.java:52)
at com.Testcase.Alaska_testcase.close(Alaska_testcase.java:52)
at com.Testcase.Alaska_testcase.close(Alaska_testcase.java:52)
at com.Testcase.Alaska_testcase.close(Alaska_testcase.java:52)
at com.Testcase.Alaska_testcase.close(Alaska_testcase.java:52)
at com.Testcase.Alaska_testcase.close(Alaska_testcase.java:52)
at com.Testcase.Alaska_testcase.close(Alaska_testcase.java:52)
at com.Testcase.Alaska_testcase.close(Alaska_testcase.java:52)
at com.Testcase.Alaska_testcase.close(Alaska_testcase.java:52)
at com.Testcase.Alaska_testcase.close(Alaska_testcase.java:52)
at com.Testcase.Alaska_testcase.close(Alaska_testcase.java:52)
at com.Testcase.Alaska_testcase.close(Alaska_testcase.java:52)
at com.Testcase.Alaska_testcase.close(Alaska_testcase.java:52)
at com.Testcase.Alaska_testcase.close(Alaska_testcase.java:52)
at com.Testcase.Alaska_testcase.close(Alaska_testcase.java:52)
at com.Testcase.Alaska_testcase.close(Alaska_testcase.java:52)
at com.Testcase.Alaska_testcase.close(Alaska_testcase.java:52)
at com.Testcase.Alaska_testcase.close(Alaska_testcase.java:52)
at com.Testcase.Alaska_testcase.close(Alaska_testcase.java:52)
at com.Testcase.Alaska_testcase.close(Alaska_testcase.java:52)
at com.Testcase.Alaska_testcase.close(Alaska_testcase.java:52)
at com.Testcase.Alaska_testcase.close(Alaska_testcase.java:52)
at com.Testcase.Alaska_testcase.close(Alaska_testcase.java:52)
at com.Testcase.Alaska_testcase.close(Alaska_testcase.java:52)
at com.Testcase.Alaska_testcase.close(Alaska_testcase.java:52)
at com.Testcase.Alaska_testcase.close(Alaska_testcase.java:52)
at com.Testcase.Alaska_testcase.close(Alaska_testcase.java:52)
at com.Testcase.Alaska_testcase.close(Alaska_testcase.java:52)
at com.Testcase.Alaska_testcase.close(Alaska_testcase.java:52)
at com.Testcase.Alaska_testcase.close(Alaska_testcase.java:52)
at com.Testcase.Alaska_testcase.close(Alaska_testcase.java:52)
at com.Testcase.Alaska_testcase.close(Alaska_testcase.java:52)
at com.Testcase.Alaska_testcase.close(Alaska_testcase.java:52)
at com.Testcase.Alaska_testcase.close(Alaska_testcase.java:52)
at com.Testcase.Alaska_testcase.close(Alaska_testcase.java:52)
at com.Testcase.Alaska_testcase.close(Alaska_testcase.java:52)
at com.Testcase.Alaska_testcase.close(Alaska_testcase.java:52)
at com.Testcase.Alaska_testcase.close(Alaska_testcase.java:52)
at com.Testcase.Alaska_testcase.close(Alaska_testcase.java:52)
at com.Testcase.Alaska_testcase.close(Alaska_testcase.java:52)
at com.Testcase.Alaska_testcase.close(Alaska_testcase.java:52)
at com.Testcase.Alaska_testcase.close(Alaska_testcase.java:52)
at com.Testcase.Alaska_testcase.close(Alaska_testcase.java:52)
at com.Testcase.Alaska_testcase.close(Alaska_testcase.java:52)
at com.Testcase.Alaska_testcase.close(Alaska_testcase.java:52)
at com.Testcase.Alaska_testcase.close(Alaska_testcase.java:52)
at com.Testcase.Alaska_testcase.close(Alaska_testcase.java:52)
at com.Testcase.Alaska_testcase.close(Alaska_testcase.java:52)
at com.Testcase.Alaska_testcase.close(Alaska_testcase.java:52)
at com.Testcase.Alaska_testcase.close(Alaska_testcase.java:52)
at com.Testcase.Alaska_testcase.close(Alaska_testcase.java:52)
at com.Testcase.Alaska_testcase.close(Alaska_testcase.java:52)
at com.Testcase.Alaska_testcase.close(Alaska_testcase.java:52)
at com.Testcase.Alaska_testcase.close(Alaska_testcase.java:52)
at com.Testcase.Alaska_testcase.close(Alaska_testcase.java:52)
at com.Testcase.Alaska_testcase.close(Alaska_testcase.java:52)
at com.Testcase.Alaska_testcase.close(Alaska_testcase.java:52)
at com.Testcase.Alaska_testcase.close(Alaska_testcase.java:52)
at com.Testcase.Alaska_testcase.close(Alaska_testcase.java:52)
at com.Testcase.Alaska_testcase.close(Alaska_testcase.java:52)
at com.Testcase.Alaska_testcase.close(Alaska_testcase.java:52)
at com.Testcase.Alaska_testcase.close(Alaska_testcase.java:52)
at com.Testcase.Alaska_testcase.close(Alaska_testcase.java:52)
at com.Testcase.Alaska_testcase.close(Alaska_testcase.java:52)
at com.Testcase.Alaska_testcase.close(Alaska_testcase.java:52)
at com.Testcase.Alaska_testcase.close(Alaska_testcase.java:52)
at com.Testcase.Alaska_testcase.close(Alaska_testcase.java:52)
at com.Testcase.Alaska_testcase.close(Alaska_testcase.java:52)
at com.Testcase.Alaska_testcase.close(Alaska_testcase.java:52)
at com.Testcase.Alaska_testcase.close(Alaska_testcase.java:52)
at com.Testcase.Alaska_testcase.close(Alaska_testcase.java:52)
at com.Testcase.Alaska_testcase.close(Alaska_testcase.java:52)
at com.Testcase.Alaska_testcase.close(Alaska_testcase.java:52)
at com.Testcase.Alaska_testcase.close(Alaska_testcase.java:52)
at com.Testcase.Alaska_testcase.close(Alaska_testcase.java:52)
at com.Testcase.Alaska_testcase.close(Alaska_testcase.java:52)
at com.Testcase.Alaska_testcase.close(Alaska_testcase.java:52)
at com.Testcase.Alaska_testcase.close(Alaska_testcase.java:52)
at com.Testcase.Alaska_testcase.close(Alaska_testcase.java:52)
at com.Testcase.Alaska_testcase.close(Alaska_testcase.java:52)
at com.Testcase.Alaska_testcase.close(Alaska_testcase.java:52)
at com.Testcase.Alaska_testcase.close(Alaska_testcase.java:52)
at com.Testcase.Alaska_testcase.close(Alaska_testcase.java:52)
at com.Testcase.Alaska_testcase.close(Alaska_testcase.java:52)
at com.Testcase.Alaska_testcase.close(Alaska_testcase.java:52)
at com.Testcase.Alaska_testcase.close(Alaska_testcase.java:52)
at com.Testcase.Alaska_testcase.close(Alaska_testcase.java:52)
at com.Testcase.Alaska_testcase.close(Alaska_testcase.java:52)
at com.Testcase.Alaska_testcase.close(Alaska_testcase.java:52)
at com.Testcase.Alaska_testcase.close(Alaska_testcase.java:52)
at com.Testcase.Alaska_testcase.close(Alaska_testcase.java:52)
at com.Testcase.Alaska_testcase.close(Alaska_testcase.java:52)
at com.Testcase.Alaska_testcase.close(Alaska_testcase.java:52)
at com.Testcase.Alaska_testcase.close(Alaska_testcase.java:52)
at com.Testcase.Alaska_testcase.close(Alaska_testcase.java:52)
at com.Testcase.Alaska_testcase.close(Alaska_testcase.java:52)
at com.Testcase.Alaska_testcase.close(Alaska_testcase.java:52)
at com.Testcase.Alaska_testcase.close(Alaska_testcase.java:52)
at com.Testcase.Alaska_testcase.close(Alaska_testcase.java:52)
at com.Testcase.Alaska_testcase.close(Alaska_testcase.java:52)
at com.Testcase.Alaska_testcase.close(Alaska_testcase.java:52)
at com.Testcase.Alaska_testcase.close(Alaska_testcase.java:52)
at com.Testcase.Alaska_testcase.close(Alaska_testcase.java:52)
at com.Testcase.Alaska_testcase.close(Alaska_testcase.java:52)
at com.Testcase.Alaska_testcase.close(Alaska_testcase.java:52)
at com.Testcase.Alaska_testcase.close(Alaska_testcase.java:52)
at com.Testcase.Alaska_testcase.close(Alaska_testcase.java:52)
at com.Testcase.Alaska_testcase.close(Alaska_testcase.java:52)
at com.Testcase.Alaska_testcase.close(Alaska_testcase.java:52)
at com.Testcase.Alaska_testcase.close(Alaska_testcase.java:52)
at com.Testcase.Alaska_testcase.close(Alaska_testcase.java:52)
at com.Testcase.Alaska_testcase.close(Alaska_testcase.java:52)
at com.Testcase.Alaska_testcase.close(Alaska_testcase.java:52)
at com.Testcase.Alaska_testcase.close(Alaska_testcase.java:52)
at com.Testcase.Alaska_testcase.close(Alaska_testcase.java:52)
at com.Testcase.Alaska_testcase.close(Alaska_testcase.java:52)
at com.Testcase.Alaska_testcase.close(Alaska_testcase.java:52)
at com.Testcase.Alaska_testcase.close(Alaska_testcase.java:52)
at com.Testcase.Alaska_testcase.close(Alaska_testcase.java:52)
at com.Testcase.Alaska_testcase.close(Alaska_testcase.java:52)
at com.Testcase.Alaska_testcase.close(Alaska_testcase.java:52)
at com.Testcase.Alaska_testcase.close(Alaska_testcase.java:52)
at com.Testcase.Alaska_testcase.close(Alaska_testcase.java:52)
at com.Testcase.Alaska_testcase.close(Alaska_testcase.java:52)
at com.Testcase.Alaska_testcase.close(Alaska_testcase.java:52)
at com.Testcase.Alaska_testcase.close(Alaska_testcase.java:52)
at com.Testcase.Alaska_testcase.close(Alaska_testcase.java:52)
at com.Testcase.Alaska_testcase.close(Alaska_testcase.java:52)
at com.Testcase.Alaska_testcase.close(Alaska_testcase.java:52)
at com.Testcase.Alaska_testcase.close(Alaska_testcase.java:52)
at com.Testcase.Alaska_testcase.close(Alaska_testcase.java:52)
at com.Testcase.Alaska_testcase.close(Alaska_testcase.java:52)
at com.Testcase.Alaska_testcase.close(Alaska_testcase.java:52)
at com.Testcase.Alaska_testcase.close(Alaska_testcase.java:52)
at com.Testcase.Alaska_testcase.close(Alaska_testcase.java:52)
at com.Testcase.Alaska_testcase.close(Alaska_testcase.java:52)
at com.Testcase.Alaska_testcase.close(Alaska_testcase.java:52)
at com.Testcase.Alaska_testcase.close(Alaska_testcase.java:52)
at com.Testcase.Alaska_testcase.close(Alaska_testcase.java:52)
at com.Testcase.Alaska_testcase.close(Alaska_testcase.java:52)
at com.Testcase.Alaska_testcase.close(Alaska_testcase.java:52)
at com.Testcase.Alaska_testcase.close(Alaska_testcase.java:52)
at com.Testcase.Alaska_testcase.close(Alaska_testcase.java:52)
at com.Testcase.Alaska_testcase.close(Alaska_testcase.java:52)
at com.Testcase.Alaska_testcase.close(Alaska_testcase.java:52)
at com.Testcase.Alaska_testcase.close(Alaska_testcase.java:52)
at com.Testcase.Alaska_testcase.close(Alaska_testcase.java:52)
at com.Testcase.Alaska_testcase.close(Alaska_testcase.java:52)
at com.Testcase.Alaska_testcase.close(Alaska_testcase.java:52)
at com.Testcase.Alaska_testcase.close(Alaska_testcase.java:52)
at com.Testcase.Alaska_testcase.close(Alaska_testcase.java:52)
at com.Testcase.Alaska_testcase.close(Alaska_testcase.java:52)
at com.Testcase.Alaska_testcase.close(Alaska_testcase.java:52)
at com.Testcase.Alaska_testcase.close(Alaska_testcase.java:52)
at com.Testcase.Alaska_testcase.close(Alaska_testcase.java:52)
at com.Testcase.Alaska_testcase.close(Alaska_testcase.java:52)
at com.Testcase.Alaska_testcase.close(Alaska_testcase.java:52)
at com.Testcase.Alaska_testcase.close(Alaska_testcase.java:52)
at com.Testcase.Alaska_testcase.close(Alaska_testcase.java:52)
at com.Testcase.Alaska_testcase.close(Alaska_testcase.java:52)
at com.Testcase.Alaska_testcase.close(Alaska_testcase.java:52)
at com.Testcase.Alaska_testcase.close(Alaska_testcase.java:52)
at com.Testcase.Alaska_testcase.close(Alaska_testcase.java:52)
at com.Testcase.Alaska_testcase.close(Alaska_testcase.java:52)
at com.Testcase.Alaska_testcase.close(Alaska_testcase.java:52)
at com.Testcase.Alaska_testcase.close(Alaska_testcase.java:52)
at com.Testcase.Alaska_testcase.close(Alaska_testcase.java:52)
at com.Testcase.Alaska_testcase.close(Alaska_testcase.java:52)
at com.Testcase.Alaska_testcase.close(Alaska_testcase.java:52)
at com.Testcase.Alaska_testcase.close(Alaska_testcase.java:52)
at com.Testcase.Alaska_testcase.close(Alaska_testcase.java:52)
at com.Testcase.Alaska_testcase.close(Alaska_testcase.java:52)
at com.Testcase.Alaska_testcase.close(Alaska_testcase.java:52)
at com.Testcase.Alaska_testcase.close(Alaska_testcase.java:52)
at com.Testcase.Alaska_testcase.close(Alaska_testcase.java:52)
at com.Testcase.Alaska_testcase.close(Alaska_testcase.java:52)
at com.Testcase.Alaska_testcase.close(Alaska_testcase.java:52)
at com.Testcase.Alaska_testcase.close(Alaska_testcase.java:52)
at com.Testcase.Alaska_testcase.close(Alaska_testcase.java:52)
at com.Testcase.Alaska_testcase.close(Alaska_testcase.java:52)
at com.Testcase.Alaska_testcase.close(Alaska_testcase.java:52)
at com.Testcase.Alaska_testcase.close(Alaska_testcase.java:52)
at com.Testcase.Alaska_testcase.close(Alaska_testcase.java:52)
at com.Testcase.Alaska_testcase.close(Alaska_testcase.java:52)
at com.Testcase.Alaska_testcase.close(Alaska_testcase.java:52)
at com.Testcase.Alaska_testcase.close(Alaska_testcase.java:52)
at com.Testcase.Alaska_testcase.close(Alaska_testcase.java:52)
at com.Testcase.Alaska_testcase.close(Alaska_testcase.java:52)
at com.Testcase.Alaska_testcase.close(Alaska_testcase.java:52)
at com.Testcase.Alaska_testcase.close(Alaska_testcase.java:52)
at com.Testcase.Alaska_testcase.close(Alaska_testcase.java:52)
at com.Testcase.Alaska_testcase.close(Alaska_testcase.java:52)
at com.Testcase.Alaska_testcase.close(Alaska_testcase.java:52)
at com.Testcase.Alaska_testcase.close(Alaska_testcase.java:52)
at com.Testcase.Alaska_testcase.close(Alaska_testcase.java:52)
at com.Testcase.Alaska_testcase.close(Alaska_testcase.java:52)
at com.Testcase.Alaska_testcase.close(Alaska_testcase.java:52)
at com.Testcase.Alaska_testcase.close(Alaska_testcase.java:52)
at com.Testcase.Alaska_testcase.close(Alaska_testcase.java:52)
at com.Testcase.Alaska_testcase.close(Alaska_testcase.java:52)
at com.Testcase.Alaska_testcase.close(Alaska_testcase.java:52)
at com.Testcase.Alaska_testcase.close(Alaska_testcase.java:52)
at com.Testcase.Alaska_testcase.close(Alaska_testcase.java:52)
at com.Testcase.Alaska_testcase.close(Alaska_testcase.java:52)
at com.Testcase.Alaska_testcase.close(Alaska_testcase.java:52)
at com.Testcase.Alaska_testcase.close(Alaska_testcase.java:52)
at com.Testcase.Alaska_testcase.close(Alaska_testcase.java:52)
at com.Testcase.Alaska_testcase.close(Alaska_testcase.java:52)
at com.Testcase.Alaska_testcase.close(Alaska_testcase.java:52)
at com.Testcase.Alaska_testcase.close(Alaska_testcase.java:52)
at com.Testcase.Alaska_testcase.close(Alaska_testcase.java:52)
at com.Testcase.Alaska_testcase.close(Alaska_testcase.java:52)
at com.Testcase.Alaska_testcase.close(Alaska_testcase.java:52)
at com.Testcase.Alaska_testcase.close(Alaska_testcase.java:52)
at com.Testcase.Alaska_testcase.close(Alaska_testcase.java:52)
at com.Testcase.Alaska_testcase.close(Alaska_testcase.java:52)
at com.Testcase.Alaska_testcase.close(Alaska_testcase.java:52)
at com.Testcase.Alaska_testcase.close(Alaska_testcase.java:52)
at com.Testcase.Alaska_testcase.close(Alaska_testcase.java:52)
at com.Testcase.Alaska_testcase.close(Alaska_testcase.java:52)
at com.Testcase.Alaska_testcase.close(Alaska_testcase.java:52)
at com.Testcase.Alaska_testcase.close(Alaska_testcase.java:52)
at com.Testcase.Alaska_testcase.close(Alaska_testcase.java:52)
at com.Testcase.Alaska_testcase.close(Alaska_testcase.java:52)
at com.Testcase.Alaska_testcase.close(Alaska_testcase.java:52)
at com.Testcase.Alaska_testcase.close(Alaska_testcase.java:52)
at com.Testcase.Alaska_testcase.close(Alaska_testcase.java:52)
at com.Testcase.Alaska_testcase.close(Alaska_testcase.java:52)
at com.Testcase.Alaska_testcase.close(Alaska_testcase.java:52)
at com.Testcase.Alaska_testcase.close(Alaska_testcase.java:52)
at com.Testcase.Alaska_testcase.close(Alaska_testcase.java:52)
at com.Testcase.Alaska_testcase.close(Alaska_testcase.java:52)
at com.Testcase.Alaska_testcase.close(Alaska_testcase.java:52)
at com.Testcase.Alaska_testcase.close(Alaska_testcase.java:52)
at com.Testcase.Alaska_testcase.close(Alaska_testcase.java:52)
at com.Testcase.Alaska_testcase.close(Alaska_testcase.java:52)
at com.Testcase.Alaska_testcase.close(Alaska_testcase.java:52)
at com.Testcase.Alaska_testcase.close(Alaska_testcase.java:52)
at com.Testcase.Alaska_testcase.close(Alaska_testcase.java:52)
at com.Testcase.Alaska_testcase.close(Alaska_testcase.java:52)
at com.Testcase.Alaska_testcase.close(Alaska_testcase.java:52)
at com.Testcase.Alaska_testcase.close(Alaska_testcase.java:52)
at com.Testcase.Alaska_testcase.close(Alaska_testcase.java:52)
at com.Testcase.Alaska_testcase.close(Alaska_testcase.java:52)
at com.Testcase.Alaska_testcase.close(Alaska_testcase.java:52)
at com.Testcase.Alaska_testcase.close(Alaska_testcase.java:52)
at com.Testcase.Alaska_testcase.close(Alaska_testcase.java:52)
at com.Testcase.Alaska_testcase.close(Alaska_testcase.java:52)
at com.Testcase.Alaska_testcase.close(Alaska_testcase.java:52)
at com.Testcase.Alaska_testcase.close(Alaska_testcase.java:52)
at com.Testcase.Alaska_testcase.close(Alaska_testcase.java:52)
at com.Testcase.Alaska_testcase.close(Alaska_testcase.java:52)
at com.Testcase.Alaska_testcase.close(Alaska_testcase.java:52)
at com.Testcase.Alaska_testcase.close(Alaska_testcase.java:52)
at com.Testcase.Alaska_testcase.close(Alaska_testcase.java:52)
at com.Testcase.Alaska_testcase.close(Alaska_testcase.java:52)
at com.Testcase.Alaska_testcase.close(Alaska_testcase.java:52)
at com.Testcase.Alaska_testcase.close(Alaska_testcase.java:52)
at com.Testcase.Alaska_testcase.close(Alaska_testcase.java:52)
at com.Testcase.Alaska_testcase.close(Alaska_testcase.java:52)
at com.Testcase.Alaska_testcase.close(Alaska_testcase.java:52)
at com.Testcase.Alaska_testcase.close(Alaska_testcase.java:52)
at com.Testcase.Alaska_testcase.close(Alaska_testcase.java:52)
at com.Testcase.Alaska_testcase.close(Alaska_testcase.java:52)
at com.Testcase.Alaska_testcase.close(Alaska_testcase.java:52)
at com.Testcase.Alaska_testcase.close(Alaska_testcase.java:52)
at com.Testcase.Alaska_testcase.close(Alaska_testcase.java:52)
at com.Testcase.Alaska_testcase.close(Alaska_testcase.java:52)
at com.Testcase.Alaska_testcase.close(Alaska_testcase.java:52)
at com.Testcase.Alaska_testcase.close(Alaska_testcase.java:52)
at com.Testcase.Alaska_testcase.close(Alaska_testcase.java:52)
at com.Testcase.Alaska_testcase.close(Alaska_testcase.java:52)
at com.Testcase.Alaska_testcase.close(Alaska_testcase.java:52)
at com.Testcase.Alaska_testcase.close(Alaska_testcase.java:52)
at com.Testcase.Alaska_testcase.close(Alaska_testcase.java:52)
at com.Testcase.Alaska_testcase.close(Alaska_testcase.java:52)
at com.Testcase.Alaska_testcase.close(Alaska_testcase.java:52)
at com.Testcase.Alaska_testcase.close(Alaska_testcase.java:52)
at com.Testcase.Alaska_testcase.close(Alaska_testcase.java:52)
at com.Testcase.Alaska_testcase.close(Alaska_testcase.java:52)
at com.Testcase.Alaska_testcase.close(Alaska_testcase.java:52)
at com.Testcase.Alaska_testcase.close(Alaska_testcase.java:52)
at com.Testcase.Alaska_testcase.close(Alaska_testcase.java:52)
at com.Testcase.Alaska_testcase.close(Alaska_testcase.java:52)
at com.Testcase.Alaska_testcase.close(Alaska_testcase.java:52)
at com.Testcase.Alaska_testcase.close(Alaska_testcase.java:52)
at com.Testcase.Alaska_testcase.close(Alaska_testcase.java:52)
at com.Testcase.Alaska_testcase.close(Alaska_testcase.java:52)
at com.Testcase.Alaska_testcase.close(Alaska_testcase.java:52)
at com.Testcase.Alaska_testcase.close(Alaska_testcase.java:52)
at com.Testcase.Alaska_testcase.close(Alaska_testcase.java:52)
at com.Testcase.Alaska_testcase.close(Alaska_testcase.java:52)
at com.Testcase.Alaska_testcase.close(Alaska_testcase.java:52)
at com.Testcase.Alaska_testcase.close(Alaska_testcase.java:52)
at com.Testcase.Alaska_testcase.close(Alaska_testcase.java:52)
at com.Testcase.Alaska_testcase.close(Alaska_testcase.java:52)
at com.Testcase.Alaska_testcase.close(Alaska_testcase.java:52)
at com.Testcase.Alaska_testcase.close(Alaska_testcase.java:52)
at com.Testcase.Alaska_testcase.close(Alaska_testcase.java:52)
at com.Testcase.Alaska_testcase.close(Alaska_testcase.java:52)
at com.Testcase.Alaska_testcase.close(Alaska_testcase.java:52)
at com.Testcase.Alaska_testcase.close(Alaska_testcase.java:52)
at com.Testcase.Alaska_testcase.close(Alaska_testcase.java:52)
at com.Testcase.Alaska_testcase.close(Alaska_testcase.java:52)
at com.Testcase.Alaska_testcase.close(Alaska_testcase.java:52)
at com.Testcase.Alaska_testcase.close(Alaska_testcase.java:52)
at com.Testcase.Alaska_testcase.close(Alaska_testcase.java:52)
at com.Testcase.Alaska_testcase.close(Alaska_testcase.java:52)
at com.Testcase.Alaska_testcase.close(Alaska_testcase.java:52)
at com.Testcase.Alaska_testcase.close(Alaska_testcase.java:52)
at com.Testcase.Alaska_testcase.close(Alaska_testcase.java:52)
at com.Testcase.Alaska_testcase.close(Alaska_testcase.java:52)
at com.Testcase.Alaska_testcase.close(Alaska_testcase.java:52)
at com.Testcase.Alaska_testcase.close(Alaska_testcase.java:52)
at com.Testcase.Alaska_testcase.close(Alaska_testcase.java:52)
at com.Testcase.Alaska_testcase.close(Alaska_testcase.java:52)
at com.Testcase.Alaska_testcase.close(Alaska_testcase.java:52)
at com.Testcase.Alaska_testcase.close(Alaska_testcase.java:52)
at com.Testcase.Alaska_testcase.close(Alaska_testcase.java:52)
at com.Testcase.Alaska_testcase.close(Alaska_testcase.java:52)
at com.Testcase.Alaska_testcase.close(Alaska_testcase.java:52)
at com.Testcase.Alaska_testcase.close(Alaska_testcase.java:52)
at com.Testcase.Alaska_testcase.close(Alaska_testcase.java:52)
at com.Testcase.Alaska_testcase.close(Alaska_testcase.java:52)
at com.Testcase.Alaska_testcase.close(Alaska_testcase.java:52)
at com.Testcase.Alaska_testcase.close(Alaska_testcase.java:52)
at com.Testcase.Alaska_testcase.close(Alaska_testcase.java:52)
at com.Testcase.Alaska_testcase.close(Alaska_testcase.java:52)
at com.Testcase.Alaska_testcase.close(Alaska_testcase.java:52)
at com.Testcase.Alaska_testcase.close(Alaska_testcase.java:52)
at com.Testcase.Alaska_testcase.close(Alaska_testcase.java:52)
at com.Testcase.Alaska_testcase.close(Alaska_testcase.java:52)
at com.Testcase.Alaska_testcase.close(Alaska_testcase.java:52)
at com.Testcase.Alaska_testcase.close(Alaska_testcase.java:52)
at com.Testcase.Alaska_testcase.close(Alaska_testcase.java:52)
at com.Testcase.Alaska_testcase.close(Alaska_testcase.java:52)
at com.Testcase.Alaska_testcase.close(Alaska_testcase.java:52)
at com.Testcase.Alaska_testcase.close(Alaska_testcase.java:52)
at com.Testcase.Alaska_testcase.close(Alaska_testcase.java:52)
at com.Testcase.Alaska_testcase.close(Alaska_testcase.java:52)
at com.Testcase.Alaska_testcase.close(Alaska_testcase.java:52)
at com.Testcase.Alaska_testcase.close(Alaska_testcase.java:52)
at com.Testcase.Alaska_testcase.close(Alaska_testcase.java:52)
at com.Testcase.Alaska_testcase.close(Alaska_testcase.java:52)
at com.Testcase.Alaska_testcase.close(Alaska_testcase.java:52)
at com.Testcase.Alaska_testcase.close(Alaska_testcase.java:52)
at com.Testcase.Alaska_testcase.close(Alaska_testcase.java:52)
at com.Testcase.Alaska_testcase.close(Alaska_testcase.java:52)
at com.Testcase.Alaska_testcase.close(Alaska_testcase.java:52)
at com.Testcase.Alaska_testcase.close(Alaska_testcase.java:52)
at com.Testcase.Alaska_testcase.close(Alaska_testcase.java:52)
at com.Testcase.Alaska_testcase.close(Alaska_testcase.java:52)
at com.Testcase.Alaska_testcase.close(Alaska_testcase.java:52)
at com.Testcase.Alaska_testcase.close(Alaska_testcase.java:52)
at com.Testcase.Alaska_testcase.close(Alaska_testcase.java:52)
at com.Testcase.Alaska_testcase.close(Alaska_testcase.java:52)
at com.Testcase.Alaska_testcase.close(Alaska_testcase.java:52)
at com.Testcase.Alaska_testcase.close(Alaska_testcase.java:52)
at com.Testcase.Alaska_testcase.close(Alaska_testcase.java:52)
at com.Testcase.Alaska_testcase.close(Alaska_testcase.java:52)
at com.Testcase.Alaska_testcase.close(Alaska_testcase.java:52)
at com.Testcase.Alaska_testcase.close(Alaska_testcase.java:52)
at com.Testcase.Alaska_testcase.close(Alaska_testcase.java:52)
at com.Testcase.Alaska_testcase.close(Alaska_testcase.java:52)
at com.Testcase.Alaska_testcase.close(Alaska_testcase.java:52)
at com.Testcase.Alaska_testcase.close(Alaska_testcase.java:52)
at com.Testcase.Alaska_testcase.close(Alaska_testcase.java:52)
at com.Testcase.Alaska_testcase.close(Alaska_testcase.java:52)
at com.Testcase.Alaska_testcase.close(Alaska_testcase.java:52)
at com.Testcase.Alaska_testcase.close(Alaska_testcase.java:52)
at com.Testcase.Alaska_testcase.close(Alaska_testcase.java:52)
at com.Testcase.Alaska_testcase.close(Alaska_testcase.java:52)
at com.Testcase.Alaska_testcase.close(Alaska_testcase.java:52)
at com.Testcase.Alaska_testcase.close(Alaska_testcase.java:52)
at com.Testcase.Alaska_testcase.close(Alaska_testcase.java:52)
at com.Testcase.Alaska_testcase.close(Alaska_testcase.java:52)
at com.Testcase.Alaska_testcase.close(Alaska_testcase.java:52)
at com.Testcase.Alaska_testcase.close(Alaska_testcase.java:52)
at com.Testcase.Alaska_testcase.close(Alaska_testcase.java:52)
at com.Testcase.Alaska_testcase.close(Alaska_testcase.java:52)
at com.Testcase.Alaska_testcase.close(Alaska_testcase.java:52)
at com.Testcase.Alaska_testcase.close(Alaska_testcase.java:52)
at com.Testcase.Alaska_testcase.close(Alaska_testcase.java:52)
at com.Testcase.Alaska_testcase.close(Alaska_testcase.java:52)
at com.Testcase.Alaska_testcase.close(Alaska_testcase.java:52)
at com.Testcase.Alaska_testcase.close(Alaska_testcase.java:52)
at com.Testcase.Alaska_testcase.close(Alaska_testcase.java:52)
at com.Testcase.Alaska_testcase.close(Alaska_testcase.java:52)
at com.Testcase.Alaska_testcase.close(Alaska_testcase.java:52)
at com.Testcase.Alaska_testcase.close(Alaska_testcase.java:52)
at com.Testcase.Alaska_testcase.close(Alaska_testcase.java:52)
at com.Testcase.Alaska_testcase.close(Alaska_testcase.java:52)
at com.Testcase.Alaska_testcase.close(Alaska_testcase.java:52)
at com.Testcase.Alaska_testcase.close(Alaska_testcase.java:52)
at com.Testcase.Alaska_testcase.close(Alaska_testcase.java:52)
at com.Testcase.Alaska_testcase.close(Alaska_testcase.java:52)
at com.Testcase.Alaska_testcase.close(Alaska_testcase.java:52)
at com.Testcase.Alaska_testcase.close(Alaska_testcase.java:52)
at com.Testcase.Alaska_testcase.close(Alaska_testcase.java:52)
at com.Testcase.Alaska_testcase.close(Alaska_testcase.java:52)
at com.Testcase.Alaska_testcase.close(Alaska_testcase.java:52)
at com.Testcase.Alaska_testcase.close(Alaska_testcase.java:52)
at com.Testcase.Alaska_testcase.close(Alaska_testcase.java:52)
at com.Testcase.Alaska_testcase.close(Alaska_testcase.java:52)
at com.Testcase.Alaska_testcase.close(Alaska_testcase.java:52)
at com.Testcase.Alaska_testcase.close(Alaska_testcase.java:52)
at com.Testcase.Alaska_testcase.close(Alaska_testcase.java:52)
at com.Testcase.Alaska_testcase.close(Alaska_testcase.java:52)
at com.Testcase.Alaska_testcase.close(Alaska_testcase.java:52)
at com.Testcase.Alaska_testcase.close(Alaska_testcase.java:52)
at com.Testcase.Alaska_testcase.close(Alaska_testcase.java:52)
at com.Testcase.Alaska_testcase.close(Alaska_testcase.java:52)
at com.Testcase.Alaska_testcase.close(Alaska_testcase.java:52)
at com.Testcase.Alaska_testcase.close(Alaska_testcase.java:52)
at com.Testcase.Alaska_testcase.close(Alaska_testcase.java:52)
at com.Testcase.Alaska_testcase.close(Alaska_testcase.java:52)
at com.Testcase.Alaska_testcase.close(Alaska_testcase.java:52)
at com.Testcase.Alaska_testcase.close(Alaska_testcase.java:52)
at com.Testcase.Alaska_testcase.close(Alaska_testcase.java:52)
at com.Testcase.Alaska_testcase.close(Alaska_testcase.java:52)
at com.Testcase.Alaska_testcase.close(Alaska_testcase.java:52)
at com.Testcase.Alaska_testcase.close(Alaska_testcase.java:52)
at com.Testcase.Alaska_testcase.close(Alaska_testcase.java:52)
at com.Testcase.Alaska_testcase.close(Alaska_testcase.java:52)
at com.Testcase.Alaska_testcase.close(Alaska_testcase.java:52)
at com.Testcase.Alaska_testcase.close(Alaska_testcase.java:52)
at com.Testcase.Alaska_testcase.close(Alaska_testcase.java:52)
at com.Testcase.Alaska_testcase.close(Alaska_testcase.java:52)
at com.Testcase.Alaska_testcase.close(Alaska_testcase.java:52)
at com.Testcase.Alaska_testcase.close(Alaska_testcase.java:52)
at com.Testcase.Alaska_testcase.close(Alaska_testcase.java:52)
at com.Testcase.Alaska_testcase.close(Alaska_testcase.java:52)
at com.Testcase.Alaska_testcase.close(Alaska_testcase.java:52)
at com.Testcase.Alaska_testcase.close(Alaska_testcase.java:52)
at com.Testcase.Alaska_testcase.close(Alaska_testcase.java:52)
at com.Testcase.Alaska_testcase.close(Alaska_testcase.java:52)
at com.Testcase.Alaska_testcase.close(Alaska_testcase.java:52)
at com.Testcase.Alaska_testcase.close(Alaska_testcase.java:52)
at com.Testcase.Alaska_testcase.close(Alaska_testcase.java:52)
at com.Testcase.Alaska_testcase.close(Alaska_testcase.java:52)
at com.Testcase.Alaska_testcase.close(Alaska_testcase.java:52)
at com.Testcase.Alaska_testcase.close(Alaska_testcase.java:52)
at com.Testcase.Alaska_testcase.close(Alaska_testcase.java:52)
at com.Testcase.Alaska_testcase.close(Alaska_testcase.java:52)
at com.Testcase.Alaska_testcase.close(Alaska_testcase.java:52)
at com.Testcase.Alaska_testcase.close(Alaska_testcase.java:52)
at com.Testcase.Alaska_testcase.close(Alaska_testcase.java:52)
at com.Testcase.Alaska_testcase.close(Alaska_testcase.java:52)
at com.Testcase.Alaska_testcase.close(Alaska_testcase.java:52)
at com.Testcase.Alaska_testcase.close(Alaska_testcase.java:52)
at com.Testcase.Alaska_testcase.close(Alaska_testcase.java:52)
at com.Testcase.Alaska_testcase.close(Alaska_testcase.java:52)
at com.Testcase.Alaska_testcase.close(Alaska_testcase.java:52)
at com.Testcase.Alaska_testcase.close(Alaska_testcase.java:52)
at com.Testcase.Alaska_testcase.close(Alaska_testcase.java:52)
at com.Testcase.Alaska_testcase.close(Alaska_testcase.java:52)
at com.Testcase.Alaska_testcase.close(Alaska_testcase.java:52)
at com.Testcase.Alaska_testcase.close(Alaska_testcase.java:52)
at com.Testcase.Alaska_testcase.close(Alaska_testcase.java:52)
at com.Testcase.Alaska_testcase.close(Alaska_testcase.java:52)
at com.Testcase.Alaska_testcase.close(Alaska_testcase.java:52)
at com.Testcase.Alaska_testcase.close(Alaska_testcase.java:52)
at com.Testcase.Alaska_testcase.close(Alaska_testcase.java:52)
at com.Testcase.Alaska_testcase.close(Alaska_testcase.java:52)
at com.Testcase.Alaska_testcase.close(Alaska_testcase.java:52)
at com.Testcase.Alaska_testcase.close(Alaska_testcase.java:52)
at com.Testcase.Alaska_testcase.close(Alaska_testcase.java:52)
at com.Testcase.Alaska_testcase.close(Alaska_testcase.java:52)
at com.Testcase.Alaska_testcase.close(Alaska_testcase.java:52)
at com.Testcase.Alaska_testcase.close(Alaska_testcase.java:52)
at com.Testcase.Alaska_testcase.close(Alaska_testcase.java:52)
at com.Testcase.Alaska_testcase.close(Alaska_testcase.java:52)
at com.Testcase.Alaska_testcase.close(Alaska_testcase.java:52)
at com.Testcase.Alaska_testcase.close(Alaska_testcase.java:52)
at com.Testcase.Alaska_testcase.close(Alaska_testcase.java:52)
at com.Testcase.Alaska_testcase.close(Alaska_testcase.java:52)
at com.Testcase.Alaska_testcase.close(Alaska_testcase.java:52)
at com.Testcase.Alaska_testcase.close(Alaska_testcase.java:52)
at com.Testcase.Alaska_testcase.close(Alaska_testcase.java:52)
at com.Testcase.Alaska_testcase.close(Alaska_testcase.java:52)
at com.Testcase.Alaska_testcase.close(Alaska_testcase.java:52)
at com.Testcase.Alaska_testcase.close(Alaska_testcase.java:52)
at com.Testcase.Alaska_testcase.close(Alaska_testcase.java:52)
at com.Testcase.Alaska_testcase.close(Alaska_testcase.java:52)
at com.Testcase.Alaska_testcase.close(Alaska_testcase.java:52)
at com.Testcase.Alaska_testcase.close(Alaska_testcase.java:52)
at com.Testcase.Alaska_testcase.close(Alaska_testcase.java:52)
at com.Testcase.Alaska_testcase.close(Alaska_testcase.java:52)
at com.Testcase.Alaska_testcase.close(Alaska_testcase.java:52)
at com.Testcase.Alaska_testcase.close(Alaska_testcase.java:52)
at com.Testcase.Alaska_testcase.close(Alaska_testcase.java:52)
at com.Testcase.Alaska_testcase.close(Alaska_testcase.java:52)
at com.Testcase.Alaska_testcase.close(Alaska_testcase.java:52)
at com.Testcase.Alaska_testcase.close(Alaska_testcase.java:52)
at com.Testcase.Alaska_testcase.close(Alaska_testcase.java:52)
at com.Testcase.Alaska_testcase.close(Alaska_testcase.java:52)
at com.Testcase.Alaska_testcase.close(Alaska_testcase.java:52)
at com.Testcase.Alaska_testcase.close(Alaska_testcase.java:52)
at com.Testcase.Alaska_testcase.close(Alaska_testcase.java:52)
at com.Testcase.Alaska_testcase.close(Alaska_testcase.java:52)
at com.Testcase.Alaska_testcase.close(Alaska_testcase.java:52)
at com.Testcase.Alaska_testcase.close(Alaska_testcase.java:52)
at com.Testcase.Alaska_testcase.close(Alaska_testcase.java:52)
at com.Testcase.Alaska_testcase.close(Alaska_testcase.java:52)
at com.Testcase.Alaska_testcase.close(Alaska_testcase.java:52)
at com.Testcase.Alaska_testcase.close(Alaska_testcase.java:52)
at com.Testcase.Alaska_testcase.close(Alaska_testcase.java:52)
at com.Testcase.Alaska_testcase.close(Alaska_testcase.java:52)
at com.Testcase.Alaska_testcase.close(Alaska_testcase.java:52)
at com.Testcase.Alaska_testcase.close(Alaska_testcase.java:52)
at com.Testcase.Alaska_testcase.close(Alaska_testcase.java:52)
at com.Testcase.Alaska_testcase.close(Alaska_testcase.java:52)
at com.Testcase.Alaska_testcase.close(Alaska_testcase.java:52)
at com.Testcase.Alaska_testcase.close(Alaska_testcase.java:52)
at com.Testcase.Alaska_testcase.close(Alaska_testcase.java:52)
at com.Testcase.Alaska_testcase.close(Alaska_testcase.java:52)
at com.Testcase.Alaska_testcase.close(Alaska_testcase.java:52)
at com.Testcase.Alaska_testcase.close(Alaska_testcase.java:52)
at com.Testcase.Alaska_testcase.close(Alaska_testcase.java:52)
at com.Testcase.Alaska_testcase.close(Alaska_testcase.java:52)
at com.Testcase.Alaska_testcase.close(Alaska_testcase.java:52)
at com.Testcase.Alaska_testcase.close(Alaska_testcase.java:52)
at com.Testcase.Alaska_testcase.close(Alaska_testcase.java:52)
at com.Testcase.Alaska_testcase.close(Alaska_testcase.java:52)
at com.Testcase.Alaska_testcase.close(Alaska_testcase.java:52)
at com.Testcase.Alaska_testcase.close(Alaska_testcase.java:52)
at com.Testcase.Alaska_testcase.close(Alaska_testcase.java:52)
at com.Testcase.Alaska_testcase.close(Alaska_testcase.java:52)
at com.Testcase.Alaska_testcase.close(Alaska_testcase.java:52)
at com.Testcase.Alaska_testcase.close(Alaska_testcase.java:52)
at com.Testcase.Alaska_testcase.close(Alaska_testcase.java:52)
at com.Testcase.Alaska_testcase.close(Alaska_testcase.java:52)
at com.Testcase.Alaska_testcase.close(Alaska_testcase.java:52)
at com.Testcase.Alaska_testcase.close(Alaska_testcase.java:52)
at com.Testcase.Alaska_testcase.close(Alaska_testcase.java:52)
at com.Testcase.Alaska_testcase.close(Alaska_testcase.java:52)
at com.Testcase.Alaska_testcase.close(Alaska_testcase.java:52)
at com.Testcase.Alaska_testcase.close(Alaska_testcase.java:52)
at com.Testcase.Alaska_testcase.close(Alaska_testcase.java:52)
at com.Testcase.Alaska_testcase.close(Alaska_testcase.java:52)
at com.Testcase.Alaska_testcase.close(Alaska_testcase.java:52)
at com.Testcase.Alaska_testcase.close(Alaska_testcase.java:52)
at com.Testcase.Alaska_testcase.close(Alaska_testcase.java:52)
at com.Testcase.Alaska_testcase.close(Alaska_testcase.java:52)
at com.Testcase.Alaska_testcase.close(Alaska_testcase.java:52)
at com.Testcase.Alaska_testcase.close(Alaska_testcase.java:52)
at com.Testcase.Alaska_testcase.close(Alaska_testcase.java:52)
at com.Testcase.Alaska_testcase.close(Alaska_testcase.java:52)
at com.Testcase.Alaska_testcase.close(Alaska_testcase.java:52)
at com.Testcase.Alaska_testcase.close(Alaska_testcase.java:52)
at com.Testcase.Alaska_testcase.close(Alaska_testcase.java:52)
at com.Testcase.Alaska_testcase.close(Alaska_testcase.java:52)
at com.Testcase.Alaska_testcase.close(Alaska_testcase.java:52)
]]>
            </full-stacktrace>
          </exception> <!-- java.lang.StackOverflowError -->
          <reporter-output>
          </reporter-output>
        </test-method> <!-- close -->
        <test-method status="SKIP" signature="startup()[pri:0, instance:com.Testcase.Alaska_testcase@7d0587f1]" name="startup" is-config="true" duration-ms="-1583995051772" started-at="2020-03-12T12:07:31 IST" finished-at="1970-01-01T05:30:00 IST">
          <reporter-output>
          </reporter-output>
        </test-method> <!-- startup -->
        <test-method status="SKIP" signature="royalblue()[pri:0, instance:com.Testcase.Alaska_testcase@7d0587f1]" name="royalblue" duration-ms="0" started-at="2020-03-12T12:07:31 IST" finished-at="2020-03-12T12:07:31 IST">
          <exception class="java.lang.StackOverflowError">
            <full-stacktrace>
              <![CDATA[java.lang.StackOverflowError
at com.Testcase.Alaska_testcase.close(Alaska_testcase.java:52)
at com.Testcase.Alaska_testcase.close(Alaska_testcase.java:52)
at com.Testcase.Alaska_testcase.close(Alaska_testcase.java:52)
at com.Testcase.Alaska_testcase.close(Alaska_testcase.java:52)
at com.Testcase.Alaska_testcase.close(Alaska_testcase.java:52)
at com.Testcase.Alaska_testcase.close(Alaska_testcase.java:52)
at com.Testcase.Alaska_testcase.close(Alaska_testcase.java:52)
at com.Testcase.Alaska_testcase.close(Alaska_testcase.java:52)
at com.Testcase.Alaska_testcase.close(Alaska_testcase.java:52)
at com.Testcase.Alaska_testcase.close(Alaska_testcase.java:52)
at com.Testcase.Alaska_testcase.close(Alaska_testcase.java:52)
at com.Testcase.Alaska_testcase.close(Alaska_testcase.java:52)
at com.Testcase.Alaska_testcase.close(Alaska_testcase.java:52)
at com.Testcase.Alaska_testcase.close(Alaska_testcase.java:52)
at com.Testcase.Alaska_testcase.close(Alaska_testcase.java:52)
at com.Testcase.Alaska_testcase.close(Alaska_testcase.java:52)
at com.Testcase.Alaska_testcase.close(Alaska_testcase.java:52)
at com.Testcase.Alaska_testcase.close(Alaska_testcase.java:52)
at com.Testcase.Alaska_testcase.close(Alaska_testcase.java:52)
at com.Testcase.Alaska_testcase.close(Alaska_testcase.java:52)
at com.Testcase.Alaska_testcase.close(Alaska_testcase.java:52)
at com.Testcase.Alaska_testcase.close(Alaska_testcase.java:52)
at com.Testcase.Alaska_testcase.close(Alaska_testcase.java:52)
at com.Testcase.Alaska_testcase.close(Alaska_testcase.java:52)
at com.Testcase.Alaska_testcase.close(Alaska_testcase.java:52)
at com.Testcase.Alaska_testcase.close(Alaska_testcase.java:52)
at com.Testcase.Alaska_testcase.close(Alaska_testcase.java:52)
at com.Testcase.Alaska_testcase.close(Alaska_testcase.java:52)
at com.Testcase.Alaska_testcase.close(Alaska_testcase.java:52)
at com.Testcase.Alaska_testcase.close(Alaska_testcase.java:52)
at com.Testcase.Alaska_testcase.close(Alaska_testcase.java:52)
at com.Testcase.Alaska_testcase.close(Alaska_testcase.java:52)
at com.Testcase.Alaska_testcase.close(Alaska_testcase.java:52)
at com.Testcase.Alaska_testcase.close(Alaska_testcase.java:52)
at com.Testcase.Alaska_testcase.close(Alaska_testcase.java:52)
at com.Testcase.Alaska_testcase.close(Alaska_testcase.java:52)
at com.Testcase.Alaska_testcase.close(Alaska_testcase.java:52)
at com.Testcase.Alaska_testcase.close(Alaska_testcase.java:52)
at com.Testcase.Alaska_testcase.close(Alaska_testcase.java:52)
at com.Testcase.Alaska_testcase.close(Alaska_testcase.java:52)
at com.Testcase.Alaska_testcase.close(Alaska_testcase.java:52)
at com.Testcase.Alaska_testcase.close(Alaska_testcase.java:52)
at com.Testcase.Alaska_testcase.close(Alaska_testcase.java:52)
at com.Testcase.Alaska_testcase.close(Alaska_testcase.java:52)
at com.Testcase.Alaska_testcase.close(Alaska_testcase.java:52)
at com.Testcase.Alaska_testcase.close(Alaska_testcase.java:52)
at com.Testcase.Alaska_testcase.close(Alaska_testcase.java:52)
at com.Testcase.Alaska_testcase.close(Alaska_testcase.java:52)
at com.Testcase.Alaska_testcase.close(Alaska_testcase.java:52)
at com.Testcase.Alaska_testcase.close(Alaska_testcase.java:52)
at com.Testcase.Alaska_testcase.close(Alaska_testcase.java:52)
at com.Testcase.Alaska_testcase.close(Alaska_testcase.java:52)
at com.Testcase.Alaska_testcase.close(Alaska_testcase.java:52)
at com.Testcase.Alaska_testcase.close(Alaska_testcase.java:52)
at com.Testcase.Alaska_testcase.close(Alaska_testcase.java:52)
at com.Testcase.Alaska_testcase.close(Alaska_testcase.java:52)
at com.Testcase.Alaska_testcase.close(Alaska_testcase.java:52)
at com.Testcase.Alaska_testcase.close(Alaska_testcase.java:52)
at com.Testcase.Alaska_testcase.close(Alaska_testcase.java:52)
at com.Testcase.Alaska_testcase.close(Alaska_testcase.java:52)
at com.Testcase.Alaska_testcase.close(Alaska_testcase.java:52)
at com.Testcase.Alaska_testcase.close(Alaska_testcase.java:52)
at com.Testcase.Alaska_testcase.close(Alaska_testcase.java:52)
at com.Testcase.Alaska_testcase.close(Alaska_testcase.java:52)
at com.Testcase.Alaska_testcase.close(Alaska_testcase.java:52)
at com.Testcase.Alaska_testcase.close(Alaska_testcase.java:52)
at com.Testcase.Alaska_testcase.close(Alaska_testcase.java:52)
at com.Testcase.Alaska_testcase.close(Alaska_testcase.java:52)
at com.Testcase.Alaska_testcase.close(Alaska_testcase.java:52)
at com.Testcase.Alaska_testcase.close(Alaska_testcase.java:52)
at com.Testcase.Alaska_testcase.close(Alaska_testcase.java:52)
at com.Testcase.Alaska_testcase.close(Alaska_testcase.java:52)
at com.Testcase.Alaska_testcase.close(Alaska_testcase.java:52)
at com.Testcase.Alaska_testcase.close(Alaska_testcase.java:52)
at com.Testcase.Alaska_testcase.close(Alaska_testcase.java:52)
at com.Testcase.Alaska_testcase.close(Alaska_testcase.java:52)
at com.Testcase.Alaska_testcase.close(Alaska_testcase.java:52)
at com.Testcase.Alaska_testcase.close(Alaska_testcase.java:52)
at com.Testcase.Alaska_testcase.close(Alaska_testcase.java:52)
at com.Testcase.Alaska_testcase.close(Alaska_testcase.java:52)
at com.Testcase.Alaska_testcase.close(Alaska_testcase.java:52)
at com.Testcase.Alaska_testcase.close(Alaska_testcase.java:52)
at com.Testcase.Alaska_testcase.close(Alaska_testcase.java:52)
at com.Testcase.Alaska_testcase.close(Alaska_testcase.java:52)
at com.Testcase.Alaska_testcase.close(Alaska_testcase.java:52)
at com.Testcase.Alaska_testcase.close(Alaska_testcase.java:52)
at com.Testcase.Alaska_testcase.close(Alaska_testcase.java:52)
at com.Testcase.Alaska_testcase.close(Alaska_testcase.java:52)
at com.Testcase.Alaska_testcase.close(Alaska_testcase.java:52)
at com.Testcase.Alaska_testcase.close(Alaska_testcase.java:52)
at com.Testcase.Alaska_testcase.close(Alaska_testcase.java:52)
at com.Testcase.Alaska_testcase.close(Alaska_testcase.java:52)
at com.Testcase.Alaska_testcase.close(Alaska_testcase.java:52)
at com.Testcase.Alaska_testcase.close(Alaska_testcase.java:52)
at com.Testcase.Alaska_testcase.close(Alaska_testcase.java:52)
at com.Testcase.Alaska_testcase.close(Alaska_testcase.java:52)
at com.Testcase.Alaska_testcase.close(Alaska_testcase.java:52)
at com.Testcase.Alaska_testcase.close(Alaska_testcase.java:52)
at com.Testcase.Alaska_testcase.close(Alaska_testcase.java:52)
at com.Testcase.Alaska_testcase.close(Alaska_testcase.java:52)
at com.Testcase.Alaska_testcase.close(Alaska_testcase.java:52)
[...]
at com.Testcase.Alaska_testcase.close(Alaska_testcase.java:52)
at com.Testcase.Alaska_testcase.close(Alaska_testcase.java:52)
at com.Testcase.Alaska_testcase.close(Alaska_testcase.java:52)
at com.Testcase.Alaska_testcase.close(Alaska_testcase.java:52)
at com.Testcase.Alaska_testcase.close(Alaska_testcase.java:52)
at com.Testcase.Alaska_testcase.close(Alaska_testcase.java:52)
at com.Testcase.Alaska_testcase.close(Alaska_testcase.java:52)
at com.Testcase.Alaska_testcase.close(Alaska_testcase.java:52)
at com.Testcase.Alaska_testcase.close(Alaska_testcase.java:52)
at com.Testcase.Alaska_testcase.close(Alaska_testcase.java:52)
at com.Testcase.Alaska_testcase.close(Alaska_testcase.java:52)
at com.Testcase.Alaska_testcase.close(Alaska_testcase.java:52)
at com.Testcase.Alaska_testcase.close(Alaska_testcase.java:52)
at com.Testcase.Alaska_testcase.close(Alaska_testcase.java:52)
at com.Testcase.Alaska_testcase.close(Alaska_testcase.java:52)
at com.Testcase.Alaska_testcase.close(Alaska_testcase.java:52)
at com.Testcase.Alaska_testcase.close(Alaska_testcase.java:52)
at com.Testcase.Alaska_testcase.close(Alaska_testcase.java:52)
at com.Testcase.Alaska_testcase.close(Alaska_testcase.java:52)
at com.Testcase.Alaska_testcase.close(Alaska_testcase.java:52)
at com.Testcase.Alaska_testcase.close(Alaska_testcase.java:52)
at com.Testcase.Alaska_testcase.close(Alaska_testcase.java:52)
at com.Testcase.Alaska_testcase.close(Alaska_testcase.java:52)
at com.Testcase.Alaska_testcase.close(Alaska_testcase.java:52)
at com.Testcase.Alaska_testcase.close(Alaska_testcase.java:52)
at com.Testcase.Alaska_testcase.close(Alaska_testcase.java:52)
at com.Testcase.Alaska_testcase.close(Alaska_testcase.java:52)
at com.Testcase.Alaska_testcase.close(Alaska_testcase.java:52)
at com.Testcase.Alaska_testcase.close(Alaska_testcase.java:52)
at com.Testcase.Alaska_testcase.close(Alaska_testcase.java:52)
at com.Testcase.Alaska_testcase.close(Alaska_testcase.java:52)
at com.Testcase.Alaska_testcase.close(Alaska_testcase.java:52)
at com.Testcase.Alaska_testcase.close(Alaska_testcase.java:52)
at com.Testcase.Alaska_testcase.close(Alaska_testcase.java:52)
at com.Testcase.Alaska_testcase.close(Alaska_testcase.java:52)
at com.Testcase.Alaska_testcase.close(Alaska_testcase.java:52)
at com.Testcase.Alaska_testcase.close(Alaska_testcase.java:52)
at com.Testcase.Alaska_testcase.close(Alaska_testcase.java:52)
at com.Testcase.Alaska_testcase.close(Alaska_testcase.java:52)
at com.Testcase.Alaska_testcase.close(Alaska_testcase.java:52)
at com.Testcase.Alaska_testcase.close(Alaska_testcase.java:52)
at com.Testcase.Alaska_testcase.close(Alaska_testcase.java:52)
at com.Testcase.Alaska_testcase.close(Alaska_testcase.java:52)
at com.Testcase.Alaska_testcase.close(Alaska_testcase.java:52)
at com.Testcase.Alaska_testcase.close(Alaska_testcase.java:52)
at com.Testcase.Alaska_testcase.close(Alaska_testcase.java:52)
at com.Testcase.Alaska_testcase.close(Alaska_testcase.java:52)
at com.Testcase.Alaska_testcase.close(Alaska_testcase.java:52)
at com.Testcase.Alaska_testcase.close(Alaska_testcase.java:52)
at com.Testcase.Alaska_testcase.close(Alaska_testcase.java:52)
at com.Testcase.Alaska_testcase.close(Alaska_testcase.java:52)
at com.Testcase.Alaska_testcase.close(Alaska_testcase.java:52)
at com.Testcase.Alaska_testcase.close(Alaska_testcase.java:52)
at com.Testcase.Alaska_testcase.close(Alaska_testcase.java:52)
at com.Testcase.Alaska_testcase.close(Alaska_testcase.java:52)
at com.Testcase.Alaska_testcase.close(Alaska_testcase.java:52)
at com.Testcase.Alaska_testcase.close(Alaska_testcase.java:52)
at com.Testcase.Alaska_testcase.close(Alaska_testcase.java:52)
at com.Testcase.Alaska_testcase.close(Alaska_testcase.java:52)
at com.Testcase.Alaska_testcase.close(Alaska_testcase.java:52)
at com.Testcase.Alaska_testcase.close(Alaska_testcase.java:52)
at com.Testcase.Alaska_testcase.close(Alaska_testcase.java:52)
at com.Testcase.Alaska_testcase.close(Alaska_testcase.java:52)
at com.Testcase.Alaska_testcase.close(Alaska_testcase.java:52)
at com.Testcase.Alaska_testcase.close(Alaska_testcase.java:52)
at com.Testcase.Alaska_testcase.close(Alaska_testcase.java:52)
at com.Testcase.Alaska_testcase.close(Alaska_testcase.java:52)
at com.Testcase.Alaska_testcase.close(Alaska_testcase.java:52)
at com.Testcase.Alaska_testcase.close(Alaska_testcase.java:52)
at com.Testcase.Alaska_testcase.close(Alaska_testcase.java:52)
at com.Testcase.Alaska_testcase.close(Alaska_testcase.java:52)
at com.Testcase.Alaska_testcase.close(Alaska_testcase.java:52)
at com.Testcase.Alaska_testcase.close(Alaska_testcase.java:52)
at com.Testcase.Alaska_testcase.close(Alaska_testcase.java:52)
at com.Testcase.Alaska_testcase.close(Alaska_testcase.java:52)
at com.Testcase.Alaska_testcase.close(Alaska_testcase.java:52)
at com.Testcase.Alaska_testcase.close(Alaska_testcase.java:52)
at com.Testcase.Alaska_testcase.close(Alaska_testcase.java:52)
at com.Testcase.Alaska_testcase.close(Alaska_testcase.java:52)
at com.Testcase.Alaska_testcase.close(Alaska_testcase.java:52)
at com.Testcase.Alaska_testcase.close(Alaska_testcase.java:52)
at com.Testcase.Alaska_testcase.close(Alaska_testcase.java:52)
at com.Testcase.Alaska_testcase.close(Alaska_testcase.java:52)
at com.Testcase.Alaska_testcase.close(Alaska_testcase.java:52)
at com.Testcase.Alaska_testcase.close(Alaska_testcase.java:52)
at com.Testcase.Alaska_testcase.close(Alaska_testcase.java:52)
at com.Testcase.Alaska_testcase.close(Alaska_testcase.java:52)
at com.Testcase.Alaska_testcase.close(Alaska_testcase.java:52)
at com.Testcase.Alaska_testcase.close(Alaska_testcase.java:52)
at com.Testcase.Alaska_testcase.close(Alaska_testcase.java:52)
at com.Testcase.Alaska_testcase.close(Alaska_testcase.java:52)
at com.Testcase.Alaska_testcase.close(Alaska_testcase.java:52)
at com.Testcase.Alaska_testcase.close(Alaska_testcase.java:52)
at com.Testcase.Alaska_testcase.close(Alaska_testcase.java:52)
at com.Testcase.Alaska_testcase.close(Alaska_testcase.java:52)
at com.Testcase.Alaska_testcase.close(Alaska_testcase.java:52)
at com.Testcase.Alaska_testcase.close(Alaska_testcase.java:52)
at com.Testcase.Alaska_testcase.close(Alaska_testcase.java:52)
at com.Testcase.Alaska_testcase.close(Alaska_testcase.java:52)
at com.Testcase.Alaska_testcase.close(Alaska_testcase.java:52)
at com.Testcase.Alaska_testcase.close(Alaska_testcase.java:52)
at com.Testcase.Alaska_testcase.close(Alaska_testcase.java:52)
at com.Testcase.Alaska_testcase.close(Alaska_testcase.java:52)
at com.Testcase.Alaska_testcase.close(Alaska_testcase.java:52)
at com.Testcase.Alaska_testcase.close(Alaska_testcase.java:52)
at com.Testcase.Alaska_testcase.close(Alaska_testcase.java:52)
at com.Testcase.Alaska_testcase.close(Alaska_testcase.java:52)
at com.Testcase.Alaska_testcase.close(Alaska_testcase.java:52)
at com.Testcase.Alaska_testcase.close(Alaska_testcase.java:52)
at com.Testcase.Alaska_testcase.close(Alaska_testcase.java:52)
at com.Testcase.Alaska_testcase.close(Alaska_testcase.java:52)
at com.Testcase.Alaska_testcase.close(Alaska_testcase.java:52)
at com.Testcase.Alaska_testcase.close(Alaska_testcase.java:52)
at com.Testcase.Alaska_testcase.close(Alaska_testcase.java:52)
at com.Testcase.Alaska_testcase.close(Alaska_testcase.java:52)
at com.Testcase.Alaska_testcase.close(Alaska_testcase.java:52)
at com.Testcase.Alaska_testcase.close(Alaska_testcase.java:52)
at com.Testcase.Alaska_testcase.close(Alaska_testcase.java:52)
at com.Testcase.Alaska_testcase.close(Alaska_testcase.java:52)
at com.Testcase.Alaska_testcase.close(Alaska_testcase.java:52)
at com.Testcase.Alaska_testcase.close(Alaska_testcase.java:52)
at com.Testcase.Alaska_testcase.close(Alaska_testcase.java:52)
at com.Testcase.Alaska_testcase.close(Alaska_testcase.java:52)
at com.Testcase.Alaska_testcase.close(Alaska_testcase.java:52)
at com.Testcase.Alaska_testcase.close(Alaska_testcase.java:52)
at com.Testcase.Alaska_testcase.close(Alaska_testcase.java:52)
at com.Testcase.Alaska_testcase.close(Alaska_testcase.java:52)
at com.Testcase.Alaska_testcase.close(Alaska_testcase.java:52)
at com.Testcase.Alaska_testcase.close(Alaska_testcase.java:52)
at com.Testcase.Alaska_testcase.close(Alaska_testcase.java:52)
at com.Testcase.Alaska_testcase.close(Alaska_testcase.java:52)
at com.Testcase.Alaska_testcase.close(Alaska_testcase.java:52)
at com.Testcase.Alaska_testcase.close(Alaska_testcase.java:52)
at com.Testcase.Alaska_testcase.close(Alaska_testcase.java:52)
at com.Testcase.Alaska_testcase.close(Alaska_testcase.java:52)
at com.Testcase.Alaska_testcase.close(Alaska_testcase.java:52)
at com.Testcase.Alaska_testcase.close(Alaska_testcase.java:52)
at com.Testcase.Alaska_testcase.close(Alaska_testcase.java:52)
at com.Testcase.Alaska_testcase.close(Alaska_testcase.java:52)
at com.Testcase.Alaska_testcase.close(Alaska_testcase.java:52)
at com.Testcase.Alaska_testcase.close(Alaska_testcase.java:52)
at com.Testcase.Alaska_testcase.close(Alaska_testcase.java:52)
at com.Testcase.Alaska_testcase.close(Alaska_testcase.java:52)
at com.Testcase.Alaska_testcase.close(Alaska_testcase.java:52)
at com.Testcase.Alaska_testcase.close(Alaska_testcase.java:52)
at com.Testcase.Alaska_testcase.close(Alaska_testcase.java:52)
at com.Testcase.Alaska_testcase.close(Alaska_testcase.java:52)
at com.Testcase.Alaska_testcase.close(Alaska_testcase.java:52)
at com.Testcase.Alaska_testcase.close(Alaska_testcase.java:52)
at com.Testcase.Alaska_testcase.close(Alaska_testcase.java:52)
at com.Testcase.Alaska_testcase.close(Alaska_testcase.java:52)
at com.Testcase.Alaska_testcase.close(Alaska_testcase.java:52)
at com.Testcase.Alaska_testcase.close(Alaska_testcase.java:52)
at com.Testcase.Alaska_testcase.close(Alaska_testcase.java:52)
at com.Testcase.Alaska_testcase.close(Alaska_testcase.java:52)
at com.Testcase.Alaska_testcase.close(Alaska_testcase.java:52)
at com.Testcase.Alaska_testcase.close(Alaska_testcase.java:52)
at com.Testcase.Alaska_testcase.close(Alaska_testcase.java:52)
at com.Testcase.Alaska_testcase.close(Alaska_testcase.java:52)
at com.Testcase.Alaska_testcase.close(Alaska_testcase.java:52)
at com.Testcase.Alaska_testcase.close(Alaska_testcase.java:52)
at com.Testcase.Alaska_testcase.close(Alaska_testcase.java:52)
at com.Testcase.Alaska_testcase.close(Alaska_testcase.java:52)
at com.Testcase.Alaska_testcase.close(Alaska_testcase.java:52)
at com.Testcase.Alaska_testcase.close(Alaska_testcase.java:52)
at com.Testcase.Alaska_testcase.close(Alaska_testcase.java:52)
at com.Testcase.Alaska_testcase.close(Alaska_testcase.java:52)
at com.Testcase.Alaska_testcase.close(Alaska_testcase.java:52)
at com.Testcase.Alaska_testcase.close(Alaska_testcase.java:52)
at com.Testcase.Alaska_testcase.close(Alaska_testcase.java:52)
at com.Testcase.Alaska_testcase.close(Alaska_testcase.java:52)
at com.Testcase.Alaska_testcase.close(Alaska_testcase.java:52)
at com.Testcase.Alaska_testcase.close(Alaska_testcase.java:52)
at com.Testcase.Alaska_testcase.close(Alaska_testcase.java:52)
at com.Testcase.Alaska_testcase.close(Alaska_testcase.java:52)
at com.Testcase.Alaska_testcase.close(Alaska_testcase.java:52)
at com.Testcase.Alaska_testcase.close(Alaska_testcase.java:52)
at com.Testcase.Alaska_testcase.close(Alaska_testcase.java:52)
at com.Testcase.Alaska_testcase.close(Alaska_testcase.java:52)
at com.Testcase.Alaska_testcase.close(Alaska_testcase.java:52)
at com.Testcase.Alaska_testcase.close(Alaska_testcase.java:52)
at com.Testcase.Alaska_testcase.close(Alaska_testcase.java:52)
at com.Testcase.Alaska_testcase.close(Alaska_testcase.java:52)
at com.Testcase.Alaska_testcase.close(Alaska_testcase.java:52)
at com.Testcase.Alaska_testcase.close(Alaska_testcase.java:52)
at com.Testcase.Alaska_testcase.close(Alaska_testcase.java:52)
at com.Testcase.Alaska_testcase.close(Alaska_testcase.java:52)
at com.Testcase.Alaska_testcase.close(Alaska_testcase.java:52)
at com.Testcase.Alaska_testcase.close(Alaska_testcase.java:52)
at com.Testcase.Alaska_testcase.close(Alaska_testcase.java:52)
at com.Testcase.Alaska_testcase.close(Alaska_testcase.java:52)
at com.Testcase.Alaska_testcase.close(Alaska_testcase.java:52)
at com.Testcase.Alaska_testcase.close(Alaska_testcase.java:52)
at com.Testcase.Alaska_testcase.close(Alaska_testcase.java:52)
at com.Testcase.Alaska_testcase.close(Alaska_testcase.java:52)
at com.Testcase.Alaska_testcase.close(Alaska_testcase.java:52)
at com.Testcase.Alaska_testcase.close(Alaska_testcase.java:52)
at com.Testcase.Alaska_testcase.close(Alaska_testcase.java:52)
at com.Testcase.Alaska_testcase.close(Alaska_testcase.java:52)
at com.Testcase.Alaska_testcase.close(Alaska_testcase.java:52)
at com.Testcase.Alaska_testcase.close(Alaska_testcase.java:52)
at com.Testcase.Alaska_testcase.close(Alaska_testcase.java:52)
at com.Testcase.Alaska_testcase.close(Alaska_testcase.java:52)
at com.Testcase.Alaska_testcase.close(Alaska_testcase.java:52)
at com.Testcase.Alaska_testcase.close(Alaska_testcase.java:52)
at com.Testcase.Alaska_testcase.close(Alaska_testcase.java:52)
at com.Testcase.Alaska_testcase.close(Alaska_testcase.java:52)
at com.Testcase.Alaska_testcase.close(Alaska_testcase.java:52)
at com.Testcase.Alaska_testcase.close(Alaska_testcase.java:52)
at com.Testcase.Alaska_testcase.close(Alaska_testcase.java:52)
at com.Testcase.Alaska_testcase.close(Alaska_testcase.java:52)
at com.Testcase.Alaska_testcase.close(Alaska_testcase.java:52)
at com.Testcase.Alaska_testcase.close(Alaska_testcase.java:52)
at com.Testcase.Alaska_testcase.close(Alaska_testcase.java:52)
at com.Testcase.Alaska_testcase.close(Alaska_testcase.java:52)
at com.Testcase.Alaska_testcase.close(Alaska_testcase.java:52)
at com.Testcase.Alaska_testcase.close(Alaska_testcase.java:52)
at com.Testcase.Alaska_testcase.close(Alaska_testcase.java:52)
at com.Testcase.Alaska_testcase.close(Alaska_testcase.java:52)
at com.Testcase.Alaska_testcase.close(Alaska_testcase.java:52)
at com.Testcase.Alaska_testcase.close(Alaska_testcase.java:52)
at com.Testcase.Alaska_testcase.close(Alaska_testcase.java:52)
at com.Testcase.Alaska_testcase.close(Alaska_testcase.java:52)
at com.Testcase.Alaska_testcase.close(Alaska_testcase.java:52)
at com.Testcase.Alaska_testcase.close(Alaska_testcase.java:52)
at com.Testcase.Alaska_testcase.close(Alaska_testcase.java:52)
at com.Testcase.Alaska_testcase.close(Alaska_testcase.java:52)
at com.Testcase.Alaska_testcase.close(Alaska_testcase.java:52)
at com.Testcase.Alaska_testcase.close(Alaska_testcase.java:52)
at com.Testcase.Alaska_testcase.close(Alaska_testcase.java:52)
at com.Testcase.Alaska_testcase.close(Alaska_testcase.java:52)
at com.Testcase.Alaska_testcase.close(Alaska_testcase.java:52)
at com.Testcase.Alaska_testcase.close(Alaska_testcase.java:52)
at com.Testcase.Alaska_testcase.close(Alaska_testcase.java:52)
at com.Testcase.Alaska_testcase.close(Alaska_testcase.java:52)
at com.Testcase.Alaska_testcase.close(Alaska_testcase.java:52)
at com.Testcase.Alaska_testcase.close(Alaska_testcase.java:52)
at com.Testcase.Alaska_testcase.close(Alaska_testcase.java:52)
at com.Testcase.Alaska_testcase.close(Alaska_testcase.java:52)
at com.Testcase.Alaska_testcase.close(Alaska_testcase.java:52)
at com.Testcase.Alaska_testcase.close(Alaska_testcase.java:52)
at com.Testcase.Alaska_testcase.close(Alaska_testcase.java:52)
at com.Testcase.Alaska_testcase.close(Alaska_testcase.java:52)
at com.Testcase.Alaska_testcase.close(Alaska_testcase.java:52)
at com.Testcase.Alaska_testcase.close(Alaska_testcase.java:52)
at com.Testcase.Alaska_testcase.close(Alaska_testcase.java:52)
at com.Testcase.Alaska_testcase.close(Alaska_testcase.java:52)
at com.Testcase.Alaska_testcase.close(Alaska_testcase.java:52)
at com.Testcase.Alaska_testcase.close(Alaska_testcase.java:52)
at com.Testcase.Alaska_testcase.close(Alaska_testcase.java:52)
at com.Testcase.Alaska_testcase.close(Alaska_testcase.java:52)
at com.Testcase.Alaska_testcase.close(Alaska_testcase.java:52)
at com.Testcase.Alaska_testcase.close(Alaska_testcase.java:52)
at com.Testcase.Alaska_testcase.close(Alaska_testcase.java:52)
at com.Testcase.Alaska_testcase.close(Alaska_testcase.java:52)
at com.Testcase.Alaska_testcase.close(Alaska_testcase.java:52)
at com.Testcase.Alaska_testcase.close(Alaska_testcase.java:52)
at com.Testcase.Alaska_testcase.close(Alaska_testcase.java:52)
at com.Testcase.Alaska_testcase.close(Alaska_testcase.java:52)
at com.Testcase.Alaska_testcase.close(Alaska_testcase.java:52)
at com.Testcase.Alaska_testcase.close(Alaska_testcase.java:52)
at com.Testcase.Alaska_testcase.close(Alaska_testcase.java:52)
at com.Testcase.Alaska_testcase.close(Alaska_testcase.java:52)
at com.Testcase.Alaska_testcase.close(Alaska_testcase.java:52)
at com.Testcase.Alaska_testcase.close(Alaska_testcase.java:52)
at com.Testcase.Alaska_testcase.close(Alaska_testcase.java:52)
at com.Testcase.Alaska_testcase.close(Alaska_testcase.java:52)
at com.Testcase.Alaska_testcase.close(Alaska_testcase.java:52)
at com.Testcase.Alaska_testcase.close(Alaska_testcase.java:52)
at com.Testcase.Alaska_testcase.close(Alaska_testcase.java:52)
at com.Testcase.Alaska_testcase.close(Alaska_testcase.java:52)
at com.Testcase.Alaska_testcase.close(Alaska_testcase.java:52)
at com.Testcase.Alaska_testcase.close(Alaska_testcase.java:52)
at com.Testcase.Alaska_testcase.close(Alaska_testcase.java:52)
at com.Testcase.Alaska_testcase.close(Alaska_testcase.java:52)
at com.Testcase.Alaska_testcase.close(Alaska_testcase.java:52)
at com.Testcase.Alaska_testcase.close(Alaska_testcase.java:52)
at com.Testcase.Alaska_testcase.close(Alaska_testcase.java:52)
at com.Testcase.Alaska_testcase.close(Alaska_testcase.java:52)
at com.Testcase.Alaska_testcase.close(Alaska_testcase.java:52)
at com.Testcase.Alaska_testcase.close(Alaska_testcase.java:52)
at com.Testcase.Alaska_testcase.close(Alaska_testcase.java:52)
at com.Testcase.Alaska_testcase.close(Alaska_testcase.java:52)
at com.Testcase.Alaska_testcase.close(Alaska_testcase.java:52)
at com.Testcase.Alaska_testcase.close(Alaska_testcase.java:52)
at com.Testcase.Alaska_testcase.close(Alaska_testcase.java:52)
at com.Testcase.Alaska_testcase.close(Alaska_testcase.java:52)
at com.Testcase.Alaska_testcase.close(Alaska_testcase.java:52)
at com.Testcase.Alaska_testcase.close(Alaska_testcase.java:52)
at com.Testcase.Alaska_testcase.close(Alaska_testcase.java:52)
at com.Testcase.Alaska_testcase.close(Alaska_testcase.java:52)
at com.Testcase.Alaska_testcase.close(Alaska_testcase.java:52)
at com.Testcase.Alaska_testcase.close(Alaska_testcase.java:52)
at com.Testcase.Alaska_testcase.close(Alaska_testcase.java:52)
at com.Testcase.Alaska_testcase.close(Alaska_testcase.java:52)
at com.Testcase.Alaska_testcase.close(Alaska_testcase.java:52)
at com.Testcase.Alaska_testcase.close(Alaska_testcase.java:52)
at com.Testcase.Alaska_testcase.close(Alaska_testcase.java:52)
at com.Testcase.Alaska_testcase.close(Alaska_testcase.java:52)
at com.Testcase.Alaska_testcase.close(Alaska_testcase.java:52)
at com.Testcase.Alaska_testcase.close(Alaska_testcase.java:52)
]]>
            </full-stacktrace>
          </exception> <!-- java.lang.StackOverflowError -->
          <reporter-output>
          </reporter-output>
        </test-method> <!-- royalblue -->
        <test-method status="SKIP" signature="close()[pri:0, instance:com.Testcase.Alaska_testcase@7d0587f1]" name="close" is-config="true" duration-ms="-1583995051811" started-at="2020-03-12T12:07:31 IST" finished-at="1970-01-01T05:30:00 IST">
          <reporter-output>
          </reporter-output>
        </test-method> <!-- close -->
      </class> <!-- com.Testcase.Alaska_testcase -->
    </test> <!-- Default test -->
  </suite> <!-- Default suite -->
</testng-results>
