<?xml version="1.0" encoding="UTF-8"?>
<testng-results skipped="0" failed="0" ignored="0" total="1" passed="1">
  <reporter-output>
  </reporter-output>
  <suite name="Default suite" duration-ms="71083" started-at="2020-02-21T11:19:20 IST" finished-at="2020-02-21T11:20:31 IST">
    <groups>
    </groups>
    <test name="Default test" duration-ms="71083" started-at="2020-02-21T11:19:20 IST" finished-at="2020-02-21T11:20:31 IST">
      <class name="Cucumber.Explicit">
        <test-method status="PASS" signature="Explicitwait()[pri:0, instance:Cucumber.Explicit@1dfe2924]" name="Explicitwait" duration-ms="70978" started-at="2020-02-21T11:19:20 IST" finished-at="2020-02-21T11:20:31 IST">
          <reporter-output>
          </reporter-output>
        </test-method> <!-- Explicitwait -->
      </class> <!-- Cucumber.Explicit -->
    </test> <!-- Default test -->
  </suite> <!-- Default suite -->
</testng-results>
